Using pre-set license
Built from '2021.3/staging' branch; Version is '2021.3.3f1 (af2e63e8f9bd) revision 11480675'; Using compiler version '192829333'; Build Type 'Release'
OS: 'Windows 10  (10.0.19043) 64bit CoreSingleLanguage' Language: 'es' Physical Memory: 24383 MB
BatchMode: 1, IsHumanControllingUs: 0, StartBugReporterOnCrash: 0, Is64bit: 1, IsPro: 1

COMMAND LINE ARGUMENTS:
D:\Program Files\Unity\Hub\Editor\2021.3.3f1\Editor\Unity.exe
-adb2
-batchMode
-noUpm
-name
AssetImportWorker4
-projectPath
D:/Unity/rpg-system-semestral-3/rpg-system-semestral-3
-logFile
Logs/AssetImportWorker4.log
-srvPort
55974
Successfully changed project path to: D:/Unity/rpg-system-semestral-3/rpg-system-semestral-3
D:/Unity/rpg-system-semestral-3/rpg-system-semestral-3
[UnityMemory] Configuration Parameters - Can be set up in boot.config
    "memorysetup-bucket-allocator-granularity=16"
    "memorysetup-bucket-allocator-bucket-count=8"
    "memorysetup-bucket-allocator-block-size=33554432"
    "memorysetup-bucket-allocator-block-count=8"
    "memorysetup-main-allocator-block-size=16777216"
    "memorysetup-thread-allocator-block-size=16777216"
    "memorysetup-gfx-main-allocator-block-size=16777216"
    "memorysetup-gfx-thread-allocator-block-size=16777216"
    "memorysetup-cache-allocator-block-size=4194304"
    "memorysetup-typetree-allocator-block-size=2097152"
    "memorysetup-profiler-bucket-allocator-granularity=16"
    "memorysetup-profiler-bucket-allocator-bucket-count=8"
    "memorysetup-profiler-bucket-allocator-block-size=33554432"
    "memorysetup-profiler-bucket-allocator-block-count=8"
    "memorysetup-profiler-allocator-block-size=16777216"
    "memorysetup-profiler-editor-allocator-block-size=1048576"
    "memorysetup-temp-allocator-size-main=16777216"
    "memorysetup-job-temp-allocator-block-size=2097152"
    "memorysetup-job-temp-allocator-block-size-background=1048576"
    "memorysetup-job-temp-allocator-reduction-small-platforms=262144"
    "memorysetup-temp-allocator-size-background-worker=32768"
    "memorysetup-temp-allocator-size-job-worker=262144"
    "memorysetup-temp-allocator-size-preload-manager=33554432"
    "memorysetup-temp-allocator-size-nav-mesh-worker=65536"
    "memorysetup-temp-allocator-size-audio-worker=65536"
    "memorysetup-temp-allocator-size-cloud-worker=32768"
    "memorysetup-temp-allocator-size-gi-baking-worker=262144"
    "memorysetup-temp-allocator-size-gfx=262144"
Refreshing native plugins compatible for Editor in 225.57 ms, found 2 plugins.
Preloading 0 native plugins for Editor in 0.00 ms.
Initialize engine version: 2021.3.3f1 (af2e63e8f9bd)
[Subsystems] Discovering subsystems at path D:/Program Files/Unity/Hub/Editor/2021.3.3f1/Editor/Data/Resources/UnitySubsystems
[Subsystems] Discovering subsystems at path D:/Unity/rpg-system-semestral-3/rpg-system-semestral-3/Assets
GfxDevice: creating device client; threaded=0; jobified=0
Direct3D:
    Version:  Direct3D 11.0 [level 11.1]
    Renderer: NVIDIA GeForce GTX 1050 (ID=0x1c8d)
    Vendor:   NVIDIA
    VRAM:     4019 MB
    Driver:   30.0.15.1179
Initialize mono
Mono path[0] = 'D:/Program Files/Unity/Hub/Editor/2021.3.3f1/Editor/Data/Managed'
Mono path[1] = 'D:/Program Files/Unity/Hub/Editor/2021.3.3f1/Editor/Data/MonoBleedingEdge/lib/mono/unityjit-win32'
Mono config path = 'D:/Program Files/Unity/Hub/Editor/2021.3.3f1/Editor/Data/MonoBleedingEdge/etc'
Using monoOptions --debugger-agent=transport=dt_socket,embedding=1,server=y,suspend=n,address=127.0.0.1:56156
Begin MonoManager ReloadAssembly
Registering precompiled unity dll's ...
Register platform support module: D:/Program Files/Unity/Hub/Editor/2021.3.3f1/Editor/Data/PlaybackEngines/WindowsStandaloneSupport/UnityEditor.WindowsStandalone.Extensions.dll
Registered in 0.011813 seconds.
Native extension for WindowsStandalone target not found
Refreshing native plugins compatible for Editor in 224.73 ms, found 2 plugins.
Preloading 0 native plugins for Editor in 0.00 ms.
Mono: successfully reloaded assembly
- Completed reload, in  1.753 seconds
Domain Reload Profiling:
	ReloadAssembly (1755ms)
		BeginReloadAssembly (191ms)
			ExecutionOrderSort (0ms)
			DisableScriptedObjects (0ms)
			BackupInstance (0ms)
			ReleaseScriptingObjects (0ms)
			CreateAndSetChildDomain (2ms)
		EndReloadAssembly (1263ms)
			LoadAssemblies (187ms)
			RebuildTransferFunctionScriptingTraits (0ms)
			SetupTypeCache (295ms)
			ReleaseScriptCaches (1ms)
			RebuildScriptCaches (84ms)
			SetupLoadedEditorAssemblies (744ms)
				LogAssemblyErrors (0ms)
				InitializePlatformSupportModulesInManaged (22ms)
				SetLoadedEditorAssemblies (1ms)
				RefreshPlugins (225ms)
				BeforeProcessingInitializeOnLoad (4ms)
				ProcessInitializeOnLoadAttributes (354ms)
				ProcessInitializeOnLoadMethodAttributes (138ms)
				AfterProcessingInitializeOnLoad (0ms)
				EditorAssembliesLoaded (0ms)
			ExecutionOrderSort2 (0ms)
			AwakeInstancesAfterBackupRestoration (0ms)
Platform modules already initialized, skipping
Registering precompiled user dll's ...
Registered in 0.019406 seconds.
Begin MonoManager ReloadAssembly
Native extension for WindowsStandalone target not found
Refreshing native plugins compatible for Editor in 208.20 ms, found 2 plugins.
Preloading 0 native plugins for Editor in 0.00 ms.
Package Manager log level set to [2]
Mono: successfully reloaded assembly
- Completed reload, in  3.813 seconds
Domain Reload Profiling:
	ReloadAssembly (3815ms)
		BeginReloadAssembly (293ms)
			ExecutionOrderSort (0ms)
			DisableScriptedObjects (20ms)
			BackupInstance (0ms)
			ReleaseScriptingObjects (0ms)
			CreateAndSetChildDomain (46ms)
		EndReloadAssembly (3226ms)
			LoadAssemblies (238ms)
			RebuildTransferFunctionScriptingTraits (0ms)
			SetupTypeCache (794ms)
			ReleaseScriptCaches (2ms)
			RebuildScriptCaches (196ms)
			SetupLoadedEditorAssemblies (1893ms)
				LogAssemblyErrors (0ms)
				InitializePlatformSupportModulesInManaged (34ms)
				SetLoadedEditorAssemblies (1ms)
				RefreshPlugins (208ms)
				BeforeProcessingInitializeOnLoad (290ms)
				ProcessInitializeOnLoadAttributes (1120ms)
				ProcessInitializeOnLoadMethodAttributes (230ms)
				AfterProcessingInitializeOnLoad (9ms)
				EditorAssembliesLoaded (0ms)
			ExecutionOrderSort2 (0ms)
			AwakeInstancesAfterBackupRestoration (16ms)
Platform modules already initialized, skipping
========================================================================
Worker process is ready to serve import requests
Launched and connected shader compiler UnityShaderCompiler.exe after 0.31 seconds
Refreshing native plugins compatible for Editor in 2.67 ms, found 2 plugins.
Preloading 0 native plugins for Editor in 0.00 ms.
Unloading 5031 Unused Serialized files (Serialized files now loaded: 0)
Unloading 69 unused Assets / (1.9 MB). Loaded Objects now: 5498.
Memory consumption went from 221.7 MB to 219.8 MB.
Total: 14.732300 ms (FindLiveObjects: 0.857600 ms CreateObjectMapping: 0.905100 ms MarkObjects: 11.764300 ms  DeleteObjects: 1.203300 ms)

AssetImportParameters requested are different than current active one (requested -> active):
  custom:video-decoder-ogg-theora: a1e56fd34408186e4bbccfd4996cb3dc -> 
  custom:container-muxer-webm: aa71ff27fc2769a1b78a27578f13a17b -> 
  custom:container-demuxer-webm: 4f35f7cbe854078d1ac9338744f61a02 -> 
  custom:video-encoder-webm-vp8: eb34c28f22e8b96e1ab97ce403110664 -> 
  custom:audio-encoder-webm-vorbis: bf7c407c2cedff20999df2af8eb42d56 -> 
  custom:framework-win-MediaFoundation: 216162199b28c13a410421893ffa2e32 -> 
  custom:container-demuxer-ogg: 62fdf1f143b41e24485cea50d1cbac27 -> 
  custom:video-decoder-webm-vp8: 9c59270c3fd7afecdb556c50c9e8de78 -> 
  custom:audio-decoder-ogg-vorbis: bf7c407c2cedff20999df2af8eb42d56 -> 
========================================================================
Received Import Request.
  Time since last request: 5059.922534 seconds.
  path: Assets/StixGames/GrassShader/Example/AlpineScene/Prefabs/Low Poly Tree 1.prefab
  artifactKey: Guid(71163036a5a85134e80d2fbd79e65efb) Importer(815301076,1909f56bfc062723c751e8b465ee728b)
Start importing Assets/StixGames/GrassShader/Example/AlpineScene/Prefabs/Low Poly Tree 1.prefab using Guid(71163036a5a85134e80d2fbd79e65efb) Importer(815301076,1909f56bfc062723c751e8b465ee728b)  -> (artifact id: 'da8586cd352f6f8432e3dc06b7c0b863') in 0.737343 seconds 
========================================================================
Received Import Request.
  Time since last request: 0.000060 seconds.
  path: Assets/SD_RPG_Heroes_Pack/animations/archergirl/generic/archergirl@run.fbx
  artifactKey: Guid(70c0a000ec5cd0248b474727c15a8577) Importer(815301076,1909f56bfc062723c751e8b465ee728b)
Start importing Assets/SD_RPG_Heroes_Pack/animations/archergirl/generic/archergirl@run.fbx using Guid(70c0a000ec5cd0248b474727c15a8577) Importer(815301076,1909f56bfc062723c751e8b465ee728b)  -> (artifact id: '83ea08db4919437f91c4bff8d2f45e0d') in 0.247800 seconds 
========================================================================
Received Import Request.
  Time since last request: 0.000062 seconds.
  path: Assets/Low Poly Forest Set/Prefabs/Tree Log 04.prefab
  artifactKey: Guid(4c47cb8adac56ac4fb6ab0ace3af305c) Importer(815301076,1909f56bfc062723c751e8b465ee728b)
Start importing Assets/Low Poly Forest Set/Prefabs/Tree Log 04.prefab using Guid(4c47cb8adac56ac4fb6ab0ace3af305c) Importer(815301076,1909f56bfc062723c751e8b465ee728b)  -> (artifact id: 'ec7aca18eddf8be1a8aeb823217544a5') in 0.042311 seconds 
========================================================================
Received Import Request.
  Time since last request: 0.000053 seconds.
  path: Assets/Low Poly Forest Set/FBX/Tree 01.FBX
  artifactKey: Guid(f9b7ae27f70cced4ca73019c0c2ef5fc) Importer(815301076,1909f56bfc062723c751e8b465ee728b)
Start importing Assets/Low Poly Forest Set/FBX/Tree 01.FBX using Guid(f9b7ae27f70cced4ca73019c0c2ef5fc) Importer(815301076,1909f56bfc062723c751e8b465ee728b)  -> (artifact id: '526d4001f0918245755d1ab80dfc45f0') in 0.143183 seconds 
========================================================================
Received Import Request.
  Time since last request: 0.000057 seconds.
  path: Assets/MedievalTownExteriors/Meshes/Building_a_collider.fbx
  artifactKey: Guid(0b9e19ddcee36b64284e78e539998427) Importer(815301076,1909f56bfc062723c751e8b465ee728b)
Start importing Assets/MedievalTownExteriors/Meshes/Building_a_collider.fbx using Guid(0b9e19ddcee36b64284e78e539998427) Importer(815301076,1909f56bfc062723c751e8b465ee728b)  -> (artifact id: '2c56b18a90b5d38fa7a4d1f9c1beb802') in 0.055972 seconds 
========================================================================
Received Import Request.
  Time since last request: 0.000075 seconds.
  path: Assets/MedievalTownExteriors/Prefabs/Cart_a.prefab
  artifactKey: Guid(75d66a9f0f71d1749afc782d07c7ea30) Importer(815301076,1909f56bfc062723c751e8b465ee728b)
Start importing Assets/MedievalTownExteriors/Prefabs/Cart_a.prefab using Guid(75d66a9f0f71d1749afc782d07c7ea30) Importer(815301076,1909f56bfc062723c751e8b465ee728b)  -> (artifact id: '8ed2267c64682078b0635718c1bfd790') in 0.102289 seconds 
========================================================================
Received Import Request.
  Time since last request: 0.000052 seconds.
  path: Assets/Low Poly Forest Set/FBX/Tree Log 03.FBX
  artifactKey: Guid(23bf7718cb01bc84d987f9c79261cda4) Importer(815301076,1909f56bfc062723c751e8b465ee728b)
Start importing Assets/Low Poly Forest Set/FBX/Tree Log 03.FBX using Guid(23bf7718cb01bc84d987f9c79261cda4) Importer(815301076,1909f56bfc062723c751e8b465ee728b)  -> (artifact id: '84484d433a2e40a2e12594638069b3fa') in 0.053924 seconds 
========================================================================
Received Import Request.
  Time since last request: 0.000051 seconds.
  path: Assets/MedievalTownExteriors/Meshes/Bucket.fbx
  artifactKey: Guid(dbd3514fc341b334193ccda0bc6b8c7a) Importer(815301076,1909f56bfc062723c751e8b465ee728b)
Start importing Assets/MedievalTownExteriors/Meshes/Bucket.fbx using Guid(dbd3514fc341b334193ccda0bc6b8c7a) Importer(815301076,1909f56bfc062723c751e8b465ee728b)  -> (artifact id: '94c07b1d5828bb9e2ab625ef91aa7f30') in 0.059683 seconds 
========================================================================
Received Import Request.
  Time since last request: 0.000058 seconds.
  path: Assets/MedievalTownExteriors/Meshes/Cart_Wheel_b.fbx
  artifactKey: Guid(cc675a80d9a7e63498bda17758f90ba7) Importer(815301076,1909f56bfc062723c751e8b465ee728b)
Start importing Assets/MedievalTownExteriors/Meshes/Cart_Wheel_b.fbx using Guid(cc675a80d9a7e63498bda17758f90ba7) Importer(815301076,1909f56bfc062723c751e8b465ee728b)  -> (artifact id: 'b7286db359d1e272fe58eafe816787bf') in 0.059000 seconds 
========================================================================
Received Import Request.
  Time since last request: 0.000085 seconds.
  path: Assets/MedievalTownExteriors/Meshes/Building_e_collider.fbx
  artifactKey: Guid(d4b73ecf89aca924390b5d6752fb2ca6) Importer(815301076,1909f56bfc062723c751e8b465ee728b)
Start importing Assets/MedievalTownExteriors/Meshes/Building_e_collider.fbx using Guid(d4b73ecf89aca924390b5d6752fb2ca6) Importer(815301076,1909f56bfc062723c751e8b465ee728b)  -> (artifact id: 'ade1880fe433b63102ed5e69470681d5') in 0.051769 seconds 
========================================================================
Received Import Request.
  Time since last request: 0.000045 seconds.
  path: Assets/Low Poly Forest Set/FBX/Tree Log 01.FBX
  artifactKey: Guid(7ad590c0eb189004699328b0775e0fa0) Importer(815301076,1909f56bfc062723c751e8b465ee728b)
Start importing Assets/Low Poly Forest Set/FBX/Tree Log 01.FBX using Guid(7ad590c0eb189004699328b0775e0fa0) Importer(815301076,1909f56bfc062723c751e8b465ee728b)  -> (artifact id: 'ccd17e5ceb5b77e1cedfa2e4e7634721') in 0.078329 seconds 
========================================================================
Received Import Request.
  Time since last request: 0.000041 seconds.
  path: Assets/Low Poly Forest Set/Prefabs/Tree 01.prefab
  artifactKey: Guid(505b28ca63c8735458c97a359012c90e) Importer(815301076,1909f56bfc062723c751e8b465ee728b)
Start importing Assets/Low Poly Forest Set/Prefabs/Tree 01.prefab using Guid(505b28ca63c8735458c97a359012c90e) Importer(815301076,1909f56bfc062723c751e8b465ee728b)  -> (artifact id: 'b3e46031f4f2f9733bed6b50e362366f') in 5.042358 seconds 
========================================================================
Received Prepare
Registering precompiled user dll's ...
Registered in 0.011103 seconds.
Begin MonoManager ReloadAssembly
Native extension for WindowsStandalone target not found
Refreshing native plugins compatible for Editor in 2.46 ms, found 2 plugins.
Preloading 0 native plugins for Editor in 0.00 ms.
Mono: successfully reloaded assembly
- Completed reload, in  2.538 seconds
Domain Reload Profiling:
	ReloadAssembly (2539ms)
		BeginReloadAssembly (237ms)
			ExecutionOrderSort (0ms)
			DisableScriptedObjects (12ms)
			BackupInstance (0ms)
			ReleaseScriptingObjects (0ms)
			CreateAndSetChildDomain (69ms)
		EndReloadAssembly (2131ms)
			LoadAssemblies (145ms)
			RebuildTransferFunctionScriptingTraits (0ms)
			SetupTypeCache (457ms)
			ReleaseScriptCaches (3ms)
			RebuildScriptCaches (123ms)
			SetupLoadedEditorAssemblies (1207ms)
				LogAssemblyErrors (0ms)
				InitializePlatformSupportModulesInManaged (27ms)
				SetLoadedEditorAssemblies (1ms)
				RefreshPlugins (3ms)
				BeforeProcessingInitializeOnLoad (182ms)
				ProcessInitializeOnLoadAttributes (797ms)
				ProcessInitializeOnLoadMethodAttributes (189ms)
				AfterProcessingInitializeOnLoad (8ms)
				EditorAssembliesLoaded (0ms)
			ExecutionOrderSort2 (0ms)
			AwakeInstancesAfterBackupRestoration (50ms)
Platform modules already initialized, skipping
Refreshing native plugins compatible for Editor in 3.76 ms, found 2 plugins.
Preloading 0 native plugins for Editor in 0.00 ms.
Unloading 4867 Unused Serialized files (Serialized files now loaded: 0)
Unloading 38 unused Assets / (1.8 MB). Loaded Objects now: 5608.
Memory consumption went from 230.6 MB to 228.8 MB.
Total: 8.178100 ms (FindLiveObjects: 0.534600 ms CreateObjectMapping: 0.477600 ms MarkObjects: 6.551400 ms  DeleteObjects: 0.612400 ms)

AssetImportParameters requested are different than current active one (requested -> active):
  custom:video-decoder-ogg-theora: a1e56fd34408186e4bbccfd4996cb3dc -> 
  custom:container-muxer-webm: aa71ff27fc2769a1b78a27578f13a17b -> 
  custom:container-demuxer-webm: 4f35f7cbe854078d1ac9338744f61a02 -> 
  custom:video-encoder-webm-vp8: eb34c28f22e8b96e1ab97ce403110664 -> 
  custom:audio-encoder-webm-vorbis: bf7c407c2cedff20999df2af8eb42d56 -> 
  custom:framework-win-MediaFoundation: 216162199b28c13a410421893ffa2e32 -> 
  custom:container-demuxer-ogg: 62fdf1f143b41e24485cea50d1cbac27 -> 
  custom:video-decoder-webm-vp8: 9c59270c3fd7afecdb556c50c9e8de78 -> 
  custom:audio-decoder-ogg-vorbis: bf7c407c2cedff20999df2af8eb42d56 -> 
========================================================================
Received Prepare
Registering precompiled user dll's ...
Registered in 0.010446 seconds.
Begin MonoManager ReloadAssembly
Native extension for WindowsStandalone target not found
Refreshing native plugins compatible for Editor in 2.36 ms, found 2 plugins.
Preloading 0 native plugins for Editor in 0.00 ms.
Mono: successfully reloaded assembly
- Completed reload, in  2.361 seconds
Domain Reload Profiling:
	ReloadAssembly (2362ms)
		BeginReloadAssembly (210ms)
			ExecutionOrderSort (0ms)
			DisableScriptedObjects (8ms)
			BackupInstance (0ms)
			ReleaseScriptingObjects (0ms)
			CreateAndSetChildDomain (70ms)
		EndReloadAssembly (1969ms)
			LoadAssemblies (142ms)
			RebuildTransferFunctionScriptingTraits (0ms)
			SetupTypeCache (490ms)
			ReleaseScriptCaches (3ms)
			RebuildScriptCaches (117ms)
			SetupLoadedEditorAssemblies (1043ms)
				LogAssemblyErrors (0ms)
				InitializePlatformSupportModulesInManaged (26ms)
				SetLoadedEditorAssemblies (1ms)
				RefreshPlugins (3ms)
				BeforeProcessingInitializeOnLoad (174ms)
				ProcessInitializeOnLoadAttributes (711ms)
				ProcessInitializeOnLoadMethodAttributes (123ms)
				AfterProcessingInitializeOnLoad (5ms)
				EditorAssembliesLoaded (0ms)
			ExecutionOrderSort2 (0ms)
			AwakeInstancesAfterBackupRestoration (27ms)
Platform modules already initialized, skipping
Refreshing native plugins compatible for Editor in 4.70 ms, found 2 plugins.
Preloading 0 native plugins for Editor in 0.00 ms.
Unloading 4867 Unused Serialized files (Serialized files now loaded: 0)
Unloading 38 unused Assets / (1.8 MB). Loaded Objects now: 5623.
Memory consumption went from 230.6 MB to 228.8 MB.
Total: 9.145300 ms (FindLiveObjects: 0.603800 ms CreateObjectMapping: 0.685800 ms MarkObjects: 7.251800 ms  DeleteObjects: 0.601900 ms)

AssetImportParameters requested are different than current active one (requested -> active):
  custom:video-decoder-ogg-theora: a1e56fd34408186e4bbccfd4996cb3dc -> 
  custom:container-muxer-webm: aa71ff27fc2769a1b78a27578f13a17b -> 
  custom:container-demuxer-webm: 4f35f7cbe854078d1ac9338744f61a02 -> 
  custom:video-encoder-webm-vp8: eb34c28f22e8b96e1ab97ce403110664 -> 
  custom:audio-encoder-webm-vorbis: bf7c407c2cedff20999df2af8eb42d56 -> 
  custom:framework-win-MediaFoundation: 216162199b28c13a410421893ffa2e32 -> 
  custom:container-demuxer-ogg: 62fdf1f143b41e24485cea50d1cbac27 -> 
  custom:video-decoder-webm-vp8: 9c59270c3fd7afecdb556c50c9e8de78 -> 
  custom:audio-decoder-ogg-vorbis: bf7c407c2cedff20999df2af8eb42d56 -> 
========================================================================
Received Prepare
Registering precompiled user dll's ...
Registered in 0.011186 seconds.
Begin MonoManager ReloadAssembly
Native extension for WindowsStandalone target not found
Refreshing native plugins compatible for Editor in 1.41 ms, found 2 plugins.
Preloading 0 native plugins for Editor in 0.00 ms.
Mono: successfully reloaded assembly
- Completed reload, in  2.410 seconds
Domain Reload Profiling:
	ReloadAssembly (2411ms)
		BeginReloadAssembly (240ms)
			ExecutionOrderSort (0ms)
			DisableScriptedObjects (8ms)
			BackupInstance (0ms)
			ReleaseScriptingObjects (0ms)
			CreateAndSetChildDomain (67ms)
		EndReloadAssembly (1952ms)
			LoadAssemblies (177ms)
			RebuildTransferFunctionScriptingTraits (0ms)
			SetupTypeCache (449ms)
			ReleaseScriptCaches (2ms)
			RebuildScriptCaches (90ms)
			SetupLoadedEditorAssemblies (1118ms)
				LogAssemblyErrors (0ms)
				InitializePlatformSupportModulesInManaged (21ms)
				SetLoadedEditorAssemblies (1ms)
				RefreshPlugins (2ms)
				BeforeProcessingInitializeOnLoad (148ms)
				ProcessInitializeOnLoadAttributes (764ms)
				ProcessInitializeOnLoadMethodAttributes (173ms)
				AfterProcessingInitializeOnLoad (9ms)
				EditorAssembliesLoaded (0ms)
			ExecutionOrderSort2 (0ms)
			AwakeInstancesAfterBackupRestoration (40ms)
Platform modules already initialized, skipping
Refreshing native plugins compatible for Editor in 4.36 ms, found 2 plugins.
Preloading 0 native plugins for Editor in 0.00 ms.
Unloading 4867 Unused Serialized files (Serialized files now loaded: 0)
Unloading 38 unused Assets / (1.8 MB). Loaded Objects now: 5638.
Memory consumption went from 230.6 MB to 228.8 MB.
Total: 9.810900 ms (FindLiveObjects: 0.655700 ms CreateObjectMapping: 0.498500 ms MarkObjects: 7.997400 ms  DeleteObjects: 0.657600 ms)

AssetImportParameters requested are different than current active one (requested -> active):
  custom:video-decoder-ogg-theora: a1e56fd34408186e4bbccfd4996cb3dc -> 
  custom:container-muxer-webm: aa71ff27fc2769a1b78a27578f13a17b -> 
  custom:container-demuxer-webm: 4f35f7cbe854078d1ac9338744f61a02 -> 
  custom:video-encoder-webm-vp8: eb34c28f22e8b96e1ab97ce403110664 -> 
  custom:audio-encoder-webm-vorbis: bf7c407c2cedff20999df2af8eb42d56 -> 
  custom:framework-win-MediaFoundation: 216162199b28c13a410421893ffa2e32 -> 
  custom:container-demuxer-ogg: 62fdf1f143b41e24485cea50d1cbac27 -> 
  custom:video-decoder-webm-vp8: 9c59270c3fd7afecdb556c50c9e8de78 -> 
  custom:audio-decoder-ogg-vorbis: bf7c407c2cedff20999df2af8eb42d56 -> 
========================================================================
Received Import Request.
  Time since last request: 426.331701 seconds.
  path: Assets/Scripts/Characters
  artifactKey: Guid(ff8203841f3aaf5429910748828bafe5) Importer(815301076,1909f56bfc062723c751e8b465ee728b)
Start importing Assets/Scripts/Characters using Guid(ff8203841f3aaf5429910748828bafe5) Importer(815301076,1909f56bfc062723c751e8b465ee728b)  -> (artifact id: 'a5fe04d5db88c126c00fe80be3b13242') in 0.419585 seconds 
========================================================================
Received Import Request.
  Time since last request: 10.311216 seconds.
  path: Assets/Scripts/Characters/IConsumable.cs
  artifactKey: Guid(6d51312f9485a634ebbbbd8b0bbec571) Importer(815301076,1909f56bfc062723c751e8b465ee728b)
Start importing Assets/Scripts/Characters/IConsumable.cs using Guid(6d51312f9485a634ebbbbd8b0bbec571) Importer(815301076,1909f56bfc062723c751e8b465ee728b)  -> (artifact id: '818d7c4f6484d6c12d3d89bf6e328fcf') in 0.017101 seconds 
========================================================================
Received Import Request.
  Time since last request: 1.280877 seconds.
  path: Assets/Scripts/Characters/IDamagable.cs
  artifactKey: Guid(6d37e53cd4b794b4fab1a01bcd68ac5f) Importer(815301076,1909f56bfc062723c751e8b465ee728b)
Start importing Assets/Scripts/Characters/IDamagable.cs using Guid(6d37e53cd4b794b4fab1a01bcd68ac5f) Importer(815301076,1909f56bfc062723c751e8b465ee728b)  -> (artifact id: 'fe1c9fff2c19a22002278de78df5f6ec') in 0.010434 seconds 
========================================================================
Received Import Request.
  Time since last request: 1.253862 seconds.
  path: Assets/Scripts/Characters/IHostil.cs
  artifactKey: Guid(f350f6e9d3815a84ba6828337ab93a31) Importer(815301076,1909f56bfc062723c751e8b465ee728b)
Start importing Assets/Scripts/Characters/IHostil.cs using Guid(f350f6e9d3815a84ba6828337ab93a31) Importer(815301076,1909f56bfc062723c751e8b465ee728b)  -> (artifact id: '1eb801e7e7a8226df1856c9e3f2b80ea') in 0.013521 seconds 
========================================================================
Received Import Request.
  Time since last request: 1.728502 seconds.
  path: Assets/Scripts/Characters/IWeaponManagament.cs
  artifactKey: Guid(618cd438ea65f834088416d4cc1a06eb) Importer(815301076,1909f56bfc062723c751e8b465ee728b)
Start importing Assets/Scripts/Characters/IWeaponManagament.cs using Guid(618cd438ea65f834088416d4cc1a06eb) Importer(815301076,1909f56bfc062723c751e8b465ee728b)  -> (artifact id: 'f116627eeb6bb796d1fe8a748144650e') in 0.012648 seconds 
========================================================================
Received Import Request.
  Time since last request: 0.910781 seconds.
  path: Assets/Scripts/Characters/LivingObject.cs
  artifactKey: Guid(25aa80a34d6c4224f995a944d937c187) Importer(815301076,1909f56bfc062723c751e8b465ee728b)
Start importing Assets/Scripts/Characters/LivingObject.cs using Guid(25aa80a34d6c4224f995a944d937c187) Importer(815301076,1909f56bfc062723c751e8b465ee728b)  -> (artifact id: '5e319bbd6ee310005580c1986d8aa8ae') in 0.010459 seconds 
========================================================================
Received Import Request.
  Time since last request: 0.812006 seconds.
  path: Assets/Scripts/Characters/Lore.cs
  artifactKey: Guid(68070df5111168542a8f525e673da916) Importer(815301076,1909f56bfc062723c751e8b465ee728b)
Start importing Assets/Scripts/Characters/Lore.cs using Guid(68070df5111168542a8f525e673da916) Importer(815301076,1909f56bfc062723c751e8b465ee728b)  -> (artifact id: 'c3b2c80baa68d91355cdc50ca6dc2539') in 0.011470 seconds 
========================================================================
Received Import Request.
  Time since last request: 49.893638 seconds.
  path: Assets/Scripts/Characters/Character.cs
  artifactKey: Guid(fa5de0aeb6670e843a34a9bd04e5f7c0) Importer(815301076,1909f56bfc062723c751e8b465ee728b)
Start importing Assets/Scripts/Characters/Character.cs using Guid(fa5de0aeb6670e843a34a9bd04e5f7c0) Importer(815301076,1909f56bfc062723c751e8b465ee728b)  -> (artifact id: 'd48e05d24b82e567e565fafe25e4f2e7') in 0.011422 seconds 
========================================================================
Received Import Request.
  Time since last request: 84.728851 seconds.
  path: Assets/Scripts/Inputs/GameInputs.inputactions
  artifactKey: Guid(1a9f0c57aff3be340b8a2b761c7a08ca) Importer(815301076,1909f56bfc062723c751e8b465ee728b)
Start importing Assets/Scripts/Inputs/GameInputs.inputactions using Guid(1a9f0c57aff3be340b8a2b761c7a08ca) Importer(815301076,1909f56bfc062723c751e8b465ee728b)  -> (artifact id: 'a32e9ee8cf9197b6132e6c3a58517af8') in 0.048213 seconds 
========================================================================
Received Import Request.
  Time since last request: 4.077022 seconds.
  path: Assets/Scripts/Inputs/GameInputs.cs
  artifactKey: Guid(dc520b29b15d02f4dbd86e5c4eb2ca86) Importer(815301076,1909f56bfc062723c751e8b465ee728b)
Start importing Assets/Scripts/Inputs/GameInputs.cs using Guid(dc520b29b15d02f4dbd86e5c4eb2ca86) Importer(815301076,1909f56bfc062723c751e8b465ee728b)  -> (artifact id: '8e20d566e26ae40f01a9091136ab3c06') in 0.004427 seconds 
========================================================================
Received Import Request.
  Time since last request: 263.155947 seconds.
  path: Assets/Scripts/Inputs/GameInputs.inputactions
  artifactKey: Guid(1a9f0c57aff3be340b8a2b761c7a08ca) Importer(815301076,1909f56bfc062723c751e8b465ee728b)
Start importing Assets/Scripts/Inputs/GameInputs.inputactions using Guid(1a9f0c57aff3be340b8a2b761c7a08ca) Importer(815301076,1909f56bfc062723c751e8b465ee728b)  -> (artifact id: '1d715903f6e9028657c9023be64c337a') in 0.006625 seconds 
========================================================================
Received Prepare
Registering precompiled user dll's ...
Registered in 0.013348 seconds.
Begin MonoManager ReloadAssembly
Native extension for WindowsStandalone target not found
Refreshing native plugins compatible for Editor in 1.17 ms, found 2 plugins.
Preloading 0 native plugins for Editor in 0.00 ms.
Mono: successfully reloaded assembly
- Completed reload, in  2.196 seconds
Domain Reload Profiling:
	ReloadAssembly (2197ms)
		BeginReloadAssembly (201ms)
			ExecutionOrderSort (0ms)
			DisableScriptedObjects (8ms)
			BackupInstance (0ms)
			ReleaseScriptingObjects (0ms)
			CreateAndSetChildDomain (73ms)
		EndReloadAssembly (1828ms)
			LoadAssemblies (123ms)
			RebuildTransferFunctionScriptingTraits (0ms)
			SetupTypeCache (437ms)
			ReleaseScriptCaches (4ms)
			RebuildScriptCaches (97ms)
			SetupLoadedEditorAssemblies (1027ms)
				LogAssemblyErrors (0ms)
				InitializePlatformSupportModulesInManaged (17ms)
				SetLoadedEditorAssemblies (1ms)
				RefreshPlugins (1ms)
				BeforeProcessingInitializeOnLoad (159ms)
				ProcessInitializeOnLoadAttributes (679ms)
				ProcessInitializeOnLoadMethodAttributes (161ms)
				AfterProcessingInitializeOnLoad (9ms)
				EditorAssembliesLoaded (0ms)
			ExecutionOrderSort2 (0ms)
			AwakeInstancesAfterBackupRestoration (29ms)
Platform modules already initialized, skipping
Refreshing native plugins compatible for Editor in 4.84 ms, found 2 plugins.
Preloading 0 native plugins for Editor in 0.00 ms.
Unloading 4867 Unused Serialized files (Serialized files now loaded: 0)
Unloading 38 unused Assets / (1.8 MB). Loaded Objects now: 5653.
Memory consumption went from 230.9 MB to 229.1 MB.
Total: 12.146600 ms (FindLiveObjects: 0.614000 ms CreateObjectMapping: 0.548400 ms MarkObjects: 9.302000 ms  DeleteObjects: 1.679800 ms)

AssetImportParameters requested are different than current active one (requested -> active):
  custom:video-decoder-ogg-theora: a1e56fd34408186e4bbccfd4996cb3dc -> 
  custom:container-muxer-webm: aa71ff27fc2769a1b78a27578f13a17b -> 
  custom:container-demuxer-webm: 4f35f7cbe854078d1ac9338744f61a02 -> 
  custom:video-encoder-webm-vp8: eb34c28f22e8b96e1ab97ce403110664 -> 
  custom:audio-encoder-webm-vorbis: bf7c407c2cedff20999df2af8eb42d56 -> 
  custom:framework-win-MediaFoundation: 216162199b28c13a410421893ffa2e32 -> 
  custom:container-demuxer-ogg: 62fdf1f143b41e24485cea50d1cbac27 -> 
  custom:video-decoder-webm-vp8: 9c59270c3fd7afecdb556c50c9e8de78 -> 
  custom:audio-decoder-ogg-vorbis: bf7c407c2cedff20999df2af8eb42d56 -> 
========================================================================
Received Prepare
Registering precompiled user dll's ...
Registered in 0.012554 seconds.
Begin MonoManager ReloadAssembly
Native extension for WindowsStandalone target not found
Refreshing native plugins compatible for Editor in 1.27 ms, found 2 plugins.
Preloading 0 native plugins for Editor in 0.00 ms.
Mono: successfully reloaded assembly
- Completed reload, in  2.340 seconds
Domain Reload Profiling:
	ReloadAssembly (2341ms)
		BeginReloadAssembly (202ms)
			ExecutionOrderSort (0ms)
			DisableScriptedObjects (8ms)
			BackupInstance (0ms)
			ReleaseScriptingObjects (0ms)
			CreateAndSetChildDomain (60ms)
		EndReloadAssembly (1985ms)
			LoadAssemblies (136ms)
			RebuildTransferFunctionScriptingTraits (0ms)
			SetupTypeCache (434ms)
			ReleaseScriptCaches (3ms)
			RebuildScriptCaches (89ms)
			SetupLoadedEditorAssemblies (1172ms)
				LogAssemblyErrors (0ms)
				InitializePlatformSupportModulesInManaged (23ms)
				SetLoadedEditorAssemblies (1ms)
				RefreshPlugins (1ms)
				BeforeProcessingInitializeOnLoad (173ms)
				ProcessInitializeOnLoadAttributes (792ms)
				ProcessInitializeOnLoadMethodAttributes (176ms)
				AfterProcessingInitializeOnLoad (6ms)
				EditorAssembliesLoaded (0ms)
			ExecutionOrderSort2 (0ms)
			AwakeInstancesAfterBackupRestoration (44ms)
Platform modules already initialized, skipping
Refreshing native plugins compatible for Editor in 4.94 ms, found 2 plugins.
Preloading 0 native plugins for Editor in 0.00 ms.
Unloading 4867 Unused Serialized files (Serialized files now loaded: 0)
Unloading 38 unused Assets / (1.8 MB). Loaded Objects now: 5668.
Memory consumption went from 230.9 MB to 229.1 MB.
Total: 7.428400 ms (FindLiveObjects: 0.567200 ms CreateObjectMapping: 0.659600 ms MarkObjects: 5.660300 ms  DeleteObjects: 0.539600 ms)

AssetImportParameters requested are different than current active one (requested -> active):
  custom:video-decoder-ogg-theora: a1e56fd34408186e4bbccfd4996cb3dc -> 
  custom:container-muxer-webm: aa71ff27fc2769a1b78a27578f13a17b -> 
  custom:container-demuxer-webm: 4f35f7cbe854078d1ac9338744f61a02 -> 
  custom:video-encoder-webm-vp8: eb34c28f22e8b96e1ab97ce403110664 -> 
  custom:audio-encoder-webm-vorbis: bf7c407c2cedff20999df2af8eb42d56 -> 
  custom:framework-win-MediaFoundation: 216162199b28c13a410421893ffa2e32 -> 
  custom:container-demuxer-ogg: 62fdf1f143b41e24485cea50d1cbac27 -> 
  custom:video-decoder-webm-vp8: 9c59270c3fd7afecdb556c50c9e8de78 -> 
  custom:audio-decoder-ogg-vorbis: bf7c407c2cedff20999df2af8eb42d56 -> 
========================================================================
Received Import Request.
  Time since last request: 119.695195 seconds.
  path: Assets/Scenes/battle/GlobalVolumeProfile.asset
  artifactKey: Guid(89f409f878823eb408982a8d9d8e3a34) Importer(815301076,1909f56bfc062723c751e8b465ee728b)
Start importing Assets/Scenes/battle/GlobalVolumeProfile.asset using Guid(89f409f878823eb408982a8d9d8e3a34) Importer(815301076,1909f56bfc062723c751e8b465ee728b)  -> (artifact id: 'eac65ae42ce2c1b70e3172e8c6554c7d') in 0.059690 seconds 
========================================================================
Received Import Request.
  Time since last request: 0.000047 seconds.
  path: Assets/Scenes/battle/Volume.png
  artifactKey: Guid(0de24c42a6d13c6408be698dc421c229) Importer(815301076,1909f56bfc062723c751e8b465ee728b)
Start importing Assets/Scenes/battle/Volume.png using Guid(0de24c42a6d13c6408be698dc421c229) Importer(815301076,1909f56bfc062723c751e8b465ee728b)  -> (artifact id: '3d5e20ef769ffc078ebb782c7f407575') in 0.122547 seconds 
========================================================================
Received Prepare
Registering precompiled user dll's ...
Registered in 0.011346 seconds.
Begin MonoManager ReloadAssembly
Native extension for WindowsStandalone target not found
Refreshing native plugins compatible for Editor in 2.60 ms, found 2 plugins.
Preloading 0 native plugins for Editor in 0.00 ms.
Mono: successfully reloaded assembly
- Completed reload, in  2.386 seconds
Domain Reload Profiling:
	ReloadAssembly (2388ms)
		BeginReloadAssembly (204ms)
			ExecutionOrderSort (0ms)
			DisableScriptedObjects (7ms)
			BackupInstance (0ms)
			ReleaseScriptingObjects (0ms)
			CreateAndSetChildDomain (66ms)
		EndReloadAssembly (2012ms)
			LoadAssemblies (135ms)
			RebuildTransferFunctionScriptingTraits (0ms)
			SetupTypeCache (436ms)
			ReleaseScriptCaches (3ms)
			RebuildScriptCaches (96ms)
			SetupLoadedEditorAssemblies (1183ms)
				LogAssemblyErrors (0ms)
				InitializePlatformSupportModulesInManaged (22ms)
				SetLoadedEditorAssemblies (1ms)
				RefreshPlugins (3ms)
				BeforeProcessingInitializeOnLoad (164ms)
				ProcessInitializeOnLoadAttributes (810ms)
				ProcessInitializeOnLoadMethodAttributes (175ms)
				AfterProcessingInitializeOnLoad (7ms)
				EditorAssembliesLoaded (0ms)
			ExecutionOrderSort2 (0ms)
			AwakeInstancesAfterBackupRestoration (43ms)
Platform modules already initialized, skipping
Refreshing native plugins compatible for Editor in 4.05 ms, found 2 plugins.
Preloading 0 native plugins for Editor in 0.00 ms.
Unloading 4867 Unused Serialized files (Serialized files now loaded: 0)
Unloading 38 unused Assets / (1.8 MB). Loaded Objects now: 5685.
Memory consumption went from 231.0 MB to 229.1 MB.
Total: 8.588400 ms (FindLiveObjects: 0.681500 ms CreateObjectMapping: 0.556100 ms MarkObjects: 5.924800 ms  DeleteObjects: 1.423500 ms)

AssetImportParameters requested are different than current active one (requested -> active):
  custom:video-decoder-ogg-theora: a1e56fd34408186e4bbccfd4996cb3dc -> 
  custom:container-muxer-webm: aa71ff27fc2769a1b78a27578f13a17b -> 
  custom:container-demuxer-webm: 4f35f7cbe854078d1ac9338744f61a02 -> 
  custom:video-encoder-webm-vp8: eb34c28f22e8b96e1ab97ce403110664 -> 
  custom:audio-encoder-webm-vorbis: bf7c407c2cedff20999df2af8eb42d56 -> 
  custom:framework-win-MediaFoundation: 216162199b28c13a410421893ffa2e32 -> 
  custom:container-demuxer-ogg: 62fdf1f143b41e24485cea50d1cbac27 -> 
  custom:video-decoder-webm-vp8: 9c59270c3fd7afecdb556c50c9e8de78 -> 
  custom:audio-decoder-ogg-vorbis: bf7c407c2cedff20999df2af8eb42d56 -> 
========================================================================
Received Prepare
Registering precompiled user dll's ...
Registered in 0.011091 seconds.
Begin MonoManager ReloadAssembly
Native extension for WindowsStandalone target not found
Refreshing native plugins compatible for Editor in 2.22 ms, found 2 plugins.
Preloading 0 native plugins for Editor in 0.00 ms.
Mono: successfully reloaded assembly
- Completed reload, in  2.387 seconds
Domain Reload Profiling:
	ReloadAssembly (2388ms)
		BeginReloadAssembly (218ms)
			ExecutionOrderSort (0ms)
			DisableScriptedObjects (7ms)
			BackupInstance (0ms)
			ReleaseScriptingObjects (0ms)
			CreateAndSetChildDomain (64ms)
		EndReloadAssembly (2014ms)
			LoadAssemblies (152ms)
			RebuildTransferFunctionScriptingTraits (0ms)
			SetupTypeCache (436ms)
			ReleaseScriptCaches (3ms)
			RebuildScriptCaches (99ms)
			SetupLoadedEditorAssemblies (1184ms)
				LogAssemblyErrors (0ms)
				InitializePlatformSupportModulesInManaged (21ms)
				SetLoadedEditorAssemblies (1ms)
				RefreshPlugins (2ms)
				BeforeProcessingInitializeOnLoad (176ms)
				ProcessInitializeOnLoadAttributes (801ms)
				ProcessInitializeOnLoadMethodAttributes (174ms)
				AfterProcessingInitializeOnLoad (9ms)
				EditorAssembliesLoaded (0ms)
			ExecutionOrderSort2 (0ms)
			AwakeInstancesAfterBackupRestoration (43ms)
Platform modules already initialized, skipping
Refreshing native plugins compatible for Editor in 5.22 ms, found 2 plugins.
Preloading 0 native plugins for Editor in 0.00 ms.
Unloading 4867 Unused Serialized files (Serialized files now loaded: 0)
Unloading 38 unused Assets / (1.8 MB). Loaded Objects now: 5700.
Memory consumption went from 231.0 MB to 229.2 MB.
Total: 11.487500 ms (FindLiveObjects: 0.852000 ms CreateObjectMapping: 1.066700 ms MarkObjects: 8.151700 ms  DeleteObjects: 1.414900 ms)

AssetImportParameters requested are different than current active one (requested -> active):
  custom:video-decoder-ogg-theora: a1e56fd34408186e4bbccfd4996cb3dc -> 
  custom:container-muxer-webm: aa71ff27fc2769a1b78a27578f13a17b -> 
  custom:container-demuxer-webm: 4f35f7cbe854078d1ac9338744f61a02 -> 
  custom:video-encoder-webm-vp8: eb34c28f22e8b96e1ab97ce403110664 -> 
  custom:audio-encoder-webm-vorbis: bf7c407c2cedff20999df2af8eb42d56 -> 
  custom:framework-win-MediaFoundation: 216162199b28c13a410421893ffa2e32 -> 
  custom:container-demuxer-ogg: 62fdf1f143b41e24485cea50d1cbac27 -> 
  custom:video-decoder-webm-vp8: 9c59270c3fd7afecdb556c50c9e8de78 -> 
  custom:audio-decoder-ogg-vorbis: bf7c407c2cedff20999df2af8eb42d56 -> 
========================================================================
Received Import Request.
  Time since last request: 153.110027 seconds.
  path: Assets/Scenes/battle.unity
  artifactKey: Guid(210ceb8fb4aa74d4db30b185cc6776f7) Importer(815301076,1909f56bfc062723c751e8b465ee728b)
Start importing Assets/Scenes/battle.unity using Guid(210ceb8fb4aa74d4db30b185cc6776f7) Importer(815301076,1909f56bfc062723c751e8b465ee728b)  -> (artifact id: 'e47f4848048704ba7457c1e4ca515652') in 0.021413 seconds 
========================================================================
Received Prepare
Registering precompiled user dll's ...
Registered in 0.013241 seconds.
Begin MonoManager ReloadAssembly
Native extension for WindowsStandalone target not found
Refreshing native plugins compatible for Editor in 2.06 ms, found 2 plugins.
Preloading 0 native plugins for Editor in 0.00 ms.
Mono: successfully reloaded assembly
- Completed reload, in  2.338 seconds
Domain Reload Profiling:
	ReloadAssembly (2339ms)
		BeginReloadAssembly (196ms)
			ExecutionOrderSort (0ms)
			DisableScriptedObjects (7ms)
			BackupInstance (0ms)
			ReleaseScriptingObjects (0ms)
			CreateAndSetChildDomain (57ms)
		EndReloadAssembly (1992ms)
			LoadAssemblies (137ms)
			RebuildTransferFunctionScriptingTraits (0ms)
			SetupTypeCache (443ms)
			ReleaseScriptCaches (2ms)
			RebuildScriptCaches (94ms)
			SetupLoadedEditorAssemblies (1150ms)
				LogAssemblyErrors (0ms)
				InitializePlatformSupportModulesInManaged (25ms)
				SetLoadedEditorAssemblies (1ms)
				RefreshPlugins (2ms)
				BeforeProcessingInitializeOnLoad (164ms)
				ProcessInitializeOnLoadAttributes (782ms)
				ProcessInitializeOnLoadMethodAttributes (167ms)
				AfterProcessingInitializeOnLoad (8ms)
				EditorAssembliesLoaded (1ms)
			ExecutionOrderSort2 (0ms)
			AwakeInstancesAfterBackupRestoration (38ms)
Platform modules already initialized, skipping
Refreshing native plugins compatible for Editor in 6.18 ms, found 2 plugins.
Preloading 0 native plugins for Editor in 0.00 ms.
Unloading 4867 Unused Serialized files (Serialized files now loaded: 0)
Unloading 38 unused Assets / (1.8 MB). Loaded Objects now: 5715.
Memory consumption went from 231.0 MB to 229.2 MB.
Total: 9.049000 ms (FindLiveObjects: 0.816000 ms CreateObjectMapping: 0.894400 ms MarkObjects: 6.726300 ms  DeleteObjects: 0.610200 ms)

AssetImportParameters requested are different than current active one (requested -> active):
  custom:video-decoder-ogg-theora: a1e56fd34408186e4bbccfd4996cb3dc -> 
  custom:container-muxer-webm: aa71ff27fc2769a1b78a27578f13a17b -> 
  custom:container-demuxer-webm: 4f35f7cbe854078d1ac9338744f61a02 -> 
  custom:video-encoder-webm-vp8: eb34c28f22e8b96e1ab97ce403110664 -> 
  custom:audio-encoder-webm-vorbis: bf7c407c2cedff20999df2af8eb42d56 -> 
  custom:framework-win-MediaFoundation: 216162199b28c13a410421893ffa2e32 -> 
  custom:container-demuxer-ogg: 62fdf1f143b41e24485cea50d1cbac27 -> 
  custom:video-decoder-webm-vp8: 9c59270c3fd7afecdb556c50c9e8de78 -> 
  custom:audio-decoder-ogg-vorbis: bf7c407c2cedff20999df2af8eb42d56 -> 
========================================================================
Received Import Request.
  Time since last request: 696.176392 seconds.
  path: Assets/Scenes/rpgScene/Global Volume Profile.asset
  artifactKey: Guid(136693b1b82ae9c4ba71c7019562100e) Importer(815301076,1909f56bfc062723c751e8b465ee728b)
Start importing Assets/Scenes/rpgScene/Global Volume Profile.asset using Guid(136693b1b82ae9c4ba71c7019562100e) Importer(815301076,1909f56bfc062723c751e8b465ee728b)  -> (artifact id: '15b03a594f73def04801de4d730f5b70') in 0.044903 seconds 
========================================================================
Received Import Request.
  Time since last request: 32.900442 seconds.
  path: Assets/Scripts/Jobs/Jobs.asmdef
  artifactKey: Guid(b362fc01154de454e8c78a990f42b076) Importer(815301076,1909f56bfc062723c751e8b465ee728b)
Start importing Assets/Scripts/Jobs/Jobs.asmdef using Guid(b362fc01154de454e8c78a990f42b076) Importer(815301076,1909f56bfc062723c751e8b465ee728b)  -> (artifact id: 'fd7c85f3a148e556fc371990001bfece') in 0.009537 seconds 
========================================================================
Received Import Request.
  Time since last request: 2.542790 seconds.
  path: Assets/Scripts/Jobs/Archer.cs
  artifactKey: Guid(56ea15bbc520582499642fbb5985387f) Importer(815301076,1909f56bfc062723c751e8b465ee728b)
Start importing Assets/Scripts/Jobs/Archer.cs using Guid(56ea15bbc520582499642fbb5985387f) Importer(815301076,1909f56bfc062723c751e8b465ee728b)  -> (artifact id: '32140da61d1f43291bfd8087c7c7eb4a') in 0.009717 seconds 
========================================================================
Received Import Request.
  Time since last request: 3.260105 seconds.
  path: Assets/Scripts/Jobs/CharacterJob.cs
  artifactKey: Guid(8da070f0403764f4cab89308acfd997a) Importer(815301076,1909f56bfc062723c751e8b465ee728b)
Start importing Assets/Scripts/Jobs/CharacterJob.cs using Guid(8da070f0403764f4cab89308acfd997a) Importer(815301076,1909f56bfc062723c751e8b465ee728b)  -> (artifact id: '537eacb95e57b3e1235516cb12b3759d') in 0.008920 seconds 
========================================================================
Received Import Request.
  Time since last request: 7.646848 seconds.
  path: Assets/Scripts/Jobs/JobsOptions.cs
  artifactKey: Guid(b2022391370f37a4c945c4f2509d8f2d) Importer(815301076,1909f56bfc062723c751e8b465ee728b)
Start importing Assets/Scripts/Jobs/JobsOptions.cs using Guid(b2022391370f37a4c945c4f2509d8f2d) Importer(815301076,1909f56bfc062723c751e8b465ee728b)  -> (artifact id: '01aa0beee8c1257d61ec40cc04e134f3') in 0.008936 seconds 
========================================================================
Received Import Request.
  Time since last request: 1.695738 seconds.
  path: Assets/Scripts/Jobs/Mage.cs
  artifactKey: Guid(899c12bc021f196468d6444d67121980) Importer(815301076,1909f56bfc062723c751e8b465ee728b)
Start importing Assets/Scripts/Jobs/Mage.cs using Guid(899c12bc021f196468d6444d67121980) Importer(815301076,1909f56bfc062723c751e8b465ee728b)  -> (artifact id: '52839b1cc072f3719326b8a8f9987504') in 0.010191 seconds 
========================================================================
Received Import Request.
  Time since last request: 4.868081 seconds.
  path: Assets/Scripts/Jobs/MoveSet.cs
  artifactKey: Guid(adb49ec3aac8c734ebfcfd89918e77dc) Importer(815301076,1909f56bfc062723c751e8b465ee728b)
Start importing Assets/Scripts/Jobs/MoveSet.cs using Guid(adb49ec3aac8c734ebfcfd89918e77dc) Importer(815301076,1909f56bfc062723c751e8b465ee728b)  -> (artifact id: '786de2d0a4120e4cc41870d99ef99cf1') in 0.009551 seconds 
========================================================================
Received Import Request.
  Time since last request: 2.207538 seconds.
  path: Assets/Scripts/Jobs/Warrior.cs
  artifactKey: Guid(bbbe7094d9825484db1df5606d630ed6) Importer(815301076,1909f56bfc062723c751e8b465ee728b)
Start importing Assets/Scripts/Jobs/Warrior.cs using Guid(bbbe7094d9825484db1df5606d630ed6) Importer(815301076,1909f56bfc062723c751e8b465ee728b)  -> (artifact id: 'd7a057e209cd9dbbbbfab4b9bf342643') in 0.011224 seconds 
========================================================================
Received Import Request.
  Time since last request: 5.117531 seconds.
  path: Assets/Scripts/Gameplay/Gameplay.asmdef
  artifactKey: Guid(d081eb82f9e592747806d524b11cda09) Importer(815301076,1909f56bfc062723c751e8b465ee728b)
Start importing Assets/Scripts/Gameplay/Gameplay.asmdef using Guid(d081eb82f9e592747806d524b11cda09) Importer(815301076,1909f56bfc062723c751e8b465ee728b)  -> (artifact id: 'e8baee7a78dcf9762fd49778bfc6f0a0') in 0.003910 seconds 
========================================================================
Received Import Request.
  Time since last request: 1.668018 seconds.
  path: Assets/Scripts/Gameplay/Bart.cs
  artifactKey: Guid(d3b8264a75fcace4c844fe896514e7f4) Importer(815301076,1909f56bfc062723c751e8b465ee728b)
Start importing Assets/Scripts/Gameplay/Bart.cs using Guid(d3b8264a75fcace4c844fe896514e7f4) Importer(815301076,1909f56bfc062723c751e8b465ee728b)  -> (artifact id: '36c42f2e6cd434ea0ba810cfe360c8fc') in 0.008338 seconds 
========================================================================
Received Import Request.
  Time since last request: 8.278188 seconds.
  path: Assets/Scripts/Gameplay/Gamemanager.cs
  artifactKey: Guid(1c8db73ec80fec449ae1ae5f6a5fdeca) Importer(815301076,1909f56bfc062723c751e8b465ee728b)
Start importing Assets/Scripts/Gameplay/Gamemanager.cs using Guid(1c8db73ec80fec449ae1ae5f6a5fdeca) Importer(815301076,1909f56bfc062723c751e8b465ee728b)  -> (artifact id: '811e88047738f0ac3b5b700f6ffb5ca0') in 0.010564 seconds 
========================================================================
Received Import Request.
  Time since last request: 10.413862 seconds.
  path: Assets/Scripts/Gameplay/GameMode.cs
  artifactKey: Guid(554519e7bc833e74bace1607ddbb15a0) Importer(815301076,1909f56bfc062723c751e8b465ee728b)
Start importing Assets/Scripts/Gameplay/GameMode.cs using Guid(554519e7bc833e74bace1607ddbb15a0) Importer(815301076,1909f56bfc062723c751e8b465ee728b)  -> (artifact id: '336f2cc7249169fe73a91a97190b99ab') in 0.008791 seconds 
========================================================================
Received Import Request.
  Time since last request: 48.903105 seconds.
  path: Assets/Scripts/Gameplay/GameUI.cs
  artifactKey: Guid(ca32f58fcb0895940a1c78d24854d1d0) Importer(815301076,1909f56bfc062723c751e8b465ee728b)
Start importing Assets/Scripts/Gameplay/GameUI.cs using Guid(ca32f58fcb0895940a1c78d24854d1d0) Importer(815301076,1909f56bfc062723c751e8b465ee728b)  -> (artifact id: '45d3554bb46cf49e7bf65df9a3b6dc65') in 0.003462 seconds 
========================================================================
Received Import Request.
  Time since last request: 20.020147 seconds.
  path: Assets/Scripts/Gameplay/Hero.cs
  artifactKey: Guid(c08fdf1efc114b347b2cb93e2ea39c9a) Importer(815301076,1909f56bfc062723c751e8b465ee728b)
Start importing Assets/Scripts/Gameplay/Hero.cs using Guid(c08fdf1efc114b347b2cb93e2ea39c9a) Importer(815301076,1909f56bfc062723c751e8b465ee728b)  -> (artifact id: '7089fd2a699add3f01f3fc194cc9e91e') in 0.008249 seconds 
========================================================================
Received Import Request.
  Time since last request: 168.366169 seconds.
  path: Assets/Scripts/Gameplay/InputsController.cs
  artifactKey: Guid(68a34db638fa4344d8ffaefa104a79cd) Importer(815301076,1909f56bfc062723c751e8b465ee728b)
Start importing Assets/Scripts/Gameplay/InputsController.cs using Guid(68a34db638fa4344d8ffaefa104a79cd) Importer(815301076,1909f56bfc062723c751e8b465ee728b)  -> (artifact id: '8c22498078465e783cf61ca2f3870385') in 0.387980 seconds 
========================================================================
Received Import Request.
  Time since last request: 19.506704 seconds.
  path: Assets/Scripts/Gameplay/Lisa.cs
  artifactKey: Guid(1c1867d88fd80df468687d19914814e9) Importer(815301076,1909f56bfc062723c751e8b465ee728b)
Start importing Assets/Scripts/Gameplay/Lisa.cs using Guid(1c1867d88fd80df468687d19914814e9) Importer(815301076,1909f56bfc062723c751e8b465ee728b)  -> (artifact id: 'efd5ab3497dc34c7ba05c2cf14d86d93') in 0.009095 seconds 
========================================================================
Received Import Request.
  Time since last request: 1.526923 seconds.
  path: Assets/Scripts/Gameplay/Maggie.cs
  artifactKey: Guid(04e7f4ab4a3f01247a3a64a4af83250f) Importer(815301076,1909f56bfc062723c751e8b465ee728b)
Start importing Assets/Scripts/Gameplay/Maggie.cs using Guid(04e7f4ab4a3f01247a3a64a4af83250f) Importer(815301076,1909f56bfc062723c751e8b465ee728b)  -> (artifact id: '77859260a0beddeea52a25288dfed580') in 0.009473 seconds 
========================================================================
Received Import Request.
  Time since last request: 10.926198 seconds.
  path: Assets/Scripts/Gameplay/RunAnimation.cs
  artifactKey: Guid(7140013910a33cb42a1fad85e8875a5c) Importer(815301076,1909f56bfc062723c751e8b465ee728b)
Start importing Assets/Scripts/Gameplay/RunAnimation.cs using Guid(7140013910a33cb42a1fad85e8875a5c) Importer(815301076,1909f56bfc062723c751e8b465ee728b)  -> (artifact id: 'a26d11c2549bf136c3e7ed9c9d48301f') in 0.009186 seconds 
========================================================================
Received Import Request.
  Time since last request: 135.945813 seconds.
  path: Assets/Animations/Warrior.controller
  artifactKey: Guid(d53dc43a6f42c5f4cab475b706e585a8) Importer(815301076,1909f56bfc062723c751e8b465ee728b)
Start importing Assets/Animations/Warrior.controller using Guid(d53dc43a6f42c5f4cab475b706e585a8) Importer(815301076,1909f56bfc062723c751e8b465ee728b)  -> (artifact id: 'a09d866801b5fd0bb1a40932b149b806') in 0.009344 seconds 
========================================================================
Received Import Request.
  Time since last request: 7.590642 seconds.
  path: Assets/Animations/Mage.controller
  artifactKey: Guid(2f25155f24d89c943849c674855cf875) Importer(815301076,1909f56bfc062723c751e8b465ee728b)
Start importing Assets/Animations/Mage.controller using Guid(2f25155f24d89c943849c674855cf875) Importer(815301076,1909f56bfc062723c751e8b465ee728b)  -> (artifact id: 'ed599e6a8792afb3f18fff37fa5da1b7') in 0.009149 seconds 
========================================================================
Received Import Request.
  Time since last request: 1.659443 seconds.
  path: Assets/Animations/Archer.controller
  artifactKey: Guid(ef62a39c78e3fb54b91ad9e4f0c1d04b) Importer(815301076,1909f56bfc062723c751e8b465ee728b)
Start importing Assets/Animations/Archer.controller using Guid(ef62a39c78e3fb54b91ad9e4f0c1d04b) Importer(815301076,1909f56bfc062723c751e8b465ee728b)  -> (artifact id: 'c9475d58d7014ab7351e2ff2ddf02d96') in 0.006358 seconds 
========================================================================
Received Import Request.
  Time since last request: 46.917780 seconds.
  path: Assets/Scenes/rpgScene.unity
  artifactKey: Guid(7af4adf248f08a1458e2e560157c9e6a) Importer(815301076,1909f56bfc062723c751e8b465ee728b)
Start importing Assets/Scenes/rpgScene.unity using Guid(7af4adf248f08a1458e2e560157c9e6a) Importer(815301076,1909f56bfc062723c751e8b465ee728b)  -> (artifact id: '416aebe38492d35a3e23d166e92c31b5') in 0.003522 seconds 
========================================================================
Received Import Request.
  Time since last request: 24.769058 seconds.
  path: Assets/GameFoundation/GameFoundationCatalog.asset
  artifactKey: Guid(c030cdb7665798848bc372cfc38cc734) Importer(815301076,1909f56bfc062723c751e8b465ee728b)
Start importing Assets/GameFoundation/GameFoundationCatalog.asset using Guid(c030cdb7665798848bc372cfc38cc734) Importer(815301076,1909f56bfc062723c751e8b465ee728b)  -> (artifact id: '6501c836bc8031b979f615b129267b76') in 0.014041 seconds 
========================================================================
Received Import Request.
  Time since last request: 4.774954 seconds.
  path: Assets/MedievalTownExteriors/NewBrush.brush
  artifactKey: Guid(d2f4aed67ebaea542aa5d0dcc722ebe7) Importer(815301076,1909f56bfc062723c751e8b465ee728b)
Start importing Assets/MedievalTownExteriors/NewBrush.brush using Guid(d2f4aed67ebaea542aa5d0dcc722ebe7) Importer(815301076,1909f56bfc062723c751e8b465ee728b)  -> (artifact id: '36f64d405854ab098e98306dd07a8ae9') in 0.051195 seconds 
========================================================================
Received Import Request.
  Time since last request: 5.618752 seconds.
  path: Assets/MedievalTownExteriors/Materials
  artifactKey: Guid(ee4d6d6e7792a804199c103b3a9a60fd) Importer(815301076,1909f56bfc062723c751e8b465ee728b)
Start importing Assets/MedievalTownExteriors/Materials using Guid(ee4d6d6e7792a804199c103b3a9a60fd) Importer(815301076,1909f56bfc062723c751e8b465ee728b)  -> (artifact id: '5277478135d560b0304e547d4f0c1c04') in 0.009720 seconds 
========================================================================
Received Import Request.
  Time since last request: 0.041372 seconds.
  path: Assets/MedievalTownExteriors/Materials/Building_Texture.mat
  artifactKey: Guid(88198c791a716b9479c2f987a2cdab6e) Importer(815301076,1909f56bfc062723c751e8b465ee728b)
Start importing Assets/MedievalTownExteriors/Materials/Building_Texture.mat using Guid(88198c791a716b9479c2f987a2cdab6e) Importer(815301076,1909f56bfc062723c751e8b465ee728b)  -> (artifact id: '7ed04fef760b968e5eab8ef205e1df5a') in 0.312901 seconds 
========================================================================
Received Import Request.
  Time since last request: 0.000054 seconds.
  path: Assets/MedievalTownExteriors/Materials/Grass_Texture.mat
  artifactKey: Guid(766994b7edbeec14e8cd1b622fb11c03) Importer(815301076,1909f56bfc062723c751e8b465ee728b)
Start importing Assets/MedievalTownExteriors/Materials/Grass_Texture.mat using Guid(766994b7edbeec14e8cd1b622fb11c03) Importer(815301076,1909f56bfc062723c751e8b465ee728b)  -> (artifact id: '36bfd71c6606e76689bb26f057055b98') in 0.039380 seconds 
========================================================================
Received Import Request.
  Time since last request: 0.000057 seconds.
  path: Assets/MedievalTownExteriors/Materials/TerrainLit.mat
  artifactKey: Guid(b98b4e6ea7530f141b6abd03c2b513b9) Importer(815301076,1909f56bfc062723c751e8b465ee728b)
Start importing Assets/MedievalTownExteriors/Materials/TerrainLit.mat using Guid(b98b4e6ea7530f141b6abd03c2b513b9) Importer(815301076,1909f56bfc062723c751e8b465ee728b)  -> (artifact id: '0ac469940ee15a384580a8a9bbe40375') in 2.526291 seconds 
========================================================================
Received Import Request.
  Time since last request: 1.751449 seconds.
  path: Assets/MedievalTownExteriors/Particles
  artifactKey: Guid(0c909bc74f5580b47b32a71e5220bd1f) Importer(815301076,1909f56bfc062723c751e8b465ee728b)
Start importing Assets/MedievalTownExteriors/Particles using Guid(0c909bc74f5580b47b32a71e5220bd1f) Importer(815301076,1909f56bfc062723c751e8b465ee728b)  -> (artifact id: 'a16fa62601b3cce68bea9cacc220aa29') in 0.062113 seconds 
========================================================================
Received Import Request.
  Time since last request: 0.000031 seconds.
  path: Assets/MedievalTownExteriors/Particles/Flies.prefab
  artifactKey: Guid(56a9e7cedd21b5c4e814e83fb02406b8) Importer(815301076,1909f56bfc062723c751e8b465ee728b)
Start importing Assets/MedievalTownExteriors/Particles/Flies.prefab using Guid(56a9e7cedd21b5c4e814e83fb02406b8) Importer(815301076,1909f56bfc062723c751e8b465ee728b)  -> (artifact id: 'd26338c8bd2de0de0aa8b0134650a58c') in 0.170761 seconds 
========================================================================
Received Import Request.
  Time since last request: 6.821270 seconds.
  path: Assets/MedievalTownExteriors/Meshes/Fence_a.fbx
  artifactKey: Guid(57b1c6e5e6fd80c4f8ee1d5ccba246c8) Importer(815301076,1909f56bfc062723c751e8b465ee728b)
Start importing Assets/MedievalTownExteriors/Meshes/Fence_a.fbx using Guid(57b1c6e5e6fd80c4f8ee1d5ccba246c8) Importer(815301076,1909f56bfc062723c751e8b465ee728b)  -> (artifact id: '14b62de3a4c3577fd1a9db52f05212cc') in 0.186349 seconds 
========================================================================
Received Import Request.
  Time since last request: 0.000037 seconds.
  path: Assets/MedievalTownExteriors/Meshes/Mushroom_a.fbx
  artifactKey: Guid(5462d7981caf2b1428cbc434c37493cb) Importer(815301076,1909f56bfc062723c751e8b465ee728b)
Start importing Assets/MedievalTownExteriors/Meshes/Mushroom_a.fbx using Guid(5462d7981caf2b1428cbc434c37493cb) Importer(815301076,1909f56bfc062723c751e8b465ee728b)  -> (artifact id: 'a2477d18dab3539585803bb50ecfb9aa') in 0.090806 seconds 
========================================================================
Received Import Request.
  Time since last request: 0.000088 seconds.
  path: Assets/MedievalTownExteriors/Meshes/Rock_d.fbx
  artifactKey: Guid(08690aac6fd195146937f19744207757) Importer(815301076,1909f56bfc062723c751e8b465ee728b)
Start importing Assets/MedievalTownExteriors/Meshes/Rock_d.fbx using Guid(08690aac6fd195146937f19744207757) Importer(815301076,1909f56bfc062723c751e8b465ee728b)  -> (artifact id: 'cd5732698503b678b94a467453614bb3') in 0.113796 seconds 
========================================================================
Received Import Request.
  Time since last request: 0.000057 seconds.
  path: Assets/MedievalTownExteriors/Meshes/Lantern.fbx
  artifactKey: Guid(ff1e1f8d871b6ff4bac95a9078e1f51c) Importer(815301076,1909f56bfc062723c751e8b465ee728b)
Start importing Assets/MedievalTownExteriors/Meshes/Lantern.fbx using Guid(ff1e1f8d871b6ff4bac95a9078e1f51c) Importer(815301076,1909f56bfc062723c751e8b465ee728b)  -> (artifact id: '56f42b92862655738f39eaccaebe1d83') in 0.111448 seconds 
========================================================================
Received Import Request.
  Time since last request: 0.000036 seconds.
  path: Assets/MedievalTownExteriors/Meshes/Sack_a.fbx
  artifactKey: Guid(3a84c78dc4f6f0641a02ec454782e422) Importer(815301076,1909f56bfc062723c751e8b465ee728b)
Start importing Assets/MedievalTownExteriors/Meshes/Sack_a.fbx using Guid(3a84c78dc4f6f0641a02ec454782e422) Importer(815301076,1909f56bfc062723c751e8b465ee728b)  -> (artifact id: '6feddc5b4a0c098da43035d2ba7e76ca') in 0.076841 seconds 
========================================================================
Received Import Request.
  Time since last request: 0.000039 seconds.
  path: Assets/MedievalTownExteriors/Meshes/Sack_b.fbx
  artifactKey: Guid(3d1c4f6e0f99bbb4393f9892baa17ef0) Importer(815301076,1909f56bfc062723c751e8b465ee728b)
Start importing Assets/MedievalTownExteriors/Meshes/Sack_b.fbx using Guid(3d1c4f6e0f99bbb4393f9892baa17ef0) Importer(815301076,1909f56bfc062723c751e8b465ee728b)  -> (artifact id: '653e5325b9ffe6479b0bc35667b7e018') in 0.096249 seconds 
========================================================================
Received Import Request.
  Time since last request: 0.000058 seconds.
  path: Assets/MedievalTownExteriors/Meshes/Hay_c.fbx
  artifactKey: Guid(8c6b2953968c1a64ea5f2876c2eb1ca8) Importer(815301076,1909f56bfc062723c751e8b465ee728b)
Start importing Assets/MedievalTownExteriors/Meshes/Hay_c.fbx using Guid(8c6b2953968c1a64ea5f2876c2eb1ca8) Importer(815301076,1909f56bfc062723c751e8b465ee728b)  -> (artifact id: '4550d585df8ce6532287376314b2f453') in 0.112411 seconds 
========================================================================
Received Import Request.
  Time since last request: 0.000042 seconds.
  path: Assets/MedievalTownExteriors/Meshes/Rock_a.fbx
  artifactKey: Guid(0bb1fbc73249eb248af34265635f2f15) Importer(815301076,1909f56bfc062723c751e8b465ee728b)
Start importing Assets/MedievalTownExteriors/Meshes/Rock_a.fbx using Guid(0bb1fbc73249eb248af34265635f2f15) Importer(815301076,1909f56bfc062723c751e8b465ee728b)  -> (artifact id: '1955ebe981070b6b9f8725b9b698518b') in 0.073327 seconds 
========================================================================
Received Import Request.
  Time since last request: 0.000049 seconds.
  path: Assets/MedievalTownExteriors/Meshes/Tent.fbx
  artifactKey: Guid(0929bca4f4dd6394883ad2dfb0e7a9a7) Importer(815301076,1909f56bfc062723c751e8b465ee728b)
Start importing Assets/MedievalTownExteriors/Meshes/Tent.fbx using Guid(0929bca4f4dd6394883ad2dfb0e7a9a7) Importer(815301076,1909f56bfc062723c751e8b465ee728b)  -> (artifact id: 'df277e64e974ed9a41e5f7bd54a9754c') in 0.073632 seconds 
========================================================================
Received Import Request.
  Time since last request: 0.000061 seconds.
  path: Assets/MedievalTownExteriors/Meshes/Lantern_post.fbx
  artifactKey: Guid(5b894a4a2d42fea44aafd6561bb64e76) Importer(815301076,1909f56bfc062723c751e8b465ee728b)
Start importing Assets/MedievalTownExteriors/Meshes/Lantern_post.fbx using Guid(5b894a4a2d42fea44aafd6561bb64e76) Importer(815301076,1909f56bfc062723c751e8b465ee728b)  -> (artifact id: '8ff34bca377783a4a3e3a5559414758d') in 0.114045 seconds 
========================================================================
Received Import Request.
  Time since last request: 0.000034 seconds.
  path: Assets/MedievalTownExteriors/Meshes/Sign_d.fbx
  artifactKey: Guid(54f488d546c353d41b2d655753e4bf9f) Importer(815301076,1909f56bfc062723c751e8b465ee728b)
Start importing Assets/MedievalTownExteriors/Meshes/Sign_d.fbx using Guid(54f488d546c353d41b2d655753e4bf9f) Importer(815301076,1909f56bfc062723c751e8b465ee728b)  -> (artifact id: '61e2f2a5777fb6d8f956e2eabe988e34') in 0.088529 seconds 
========================================================================
Received Import Request.
  Time since last request: 0.000033 seconds.
  path: Assets/MedievalTownExteriors/Meshes/Logs_b.fbx
  artifactKey: Guid(b1491e09a5a59644986da9c34b34c2e9) Importer(815301076,1909f56bfc062723c751e8b465ee728b)
Start importing Assets/MedievalTownExteriors/Meshes/Logs_b.fbx using Guid(b1491e09a5a59644986da9c34b34c2e9) Importer(815301076,1909f56bfc062723c751e8b465ee728b)  -> (artifact id: '3d6b327ef8946f8cfef563e6b5acb735') in 0.071030 seconds 
========================================================================
Received Import Request.
  Time since last request: 0.000061 seconds.
  path: Assets/MedievalTownExteriors/Meshes/Mushroom_b.fbx
  artifactKey: Guid(75f355bbd6a4def47a15c78a9050ba98) Importer(815301076,1909f56bfc062723c751e8b465ee728b)
Start importing Assets/MedievalTownExteriors/Meshes/Mushroom_b.fbx using Guid(75f355bbd6a4def47a15c78a9050ba98) Importer(815301076,1909f56bfc062723c751e8b465ee728b)  -> (artifact id: '7942bac362cabb365d59d8323be6d8c3') in 0.198438 seconds 
========================================================================
Received Import Request.
  Time since last request: 5.461656 seconds.
  path: Assets/MedievalTownExteriors/Prefabs/Fence_b.prefab
  artifactKey: Guid(75450dad01decb44b867e81c5a1fd604) Importer(815301076,1909f56bfc062723c751e8b465ee728b)
Start importing Assets/MedievalTownExteriors/Prefabs/Fence_b.prefab using Guid(75450dad01decb44b867e81c5a1fd604) Importer(815301076,1909f56bfc062723c751e8b465ee728b)  -> (artifact id: '0cfc421ce51956f6743899f13cd7ae9b') in 0.105054 seconds 
========================================================================
Received Import Request.
  Time since last request: 0.000046 seconds.
  path: Assets/MedievalTownExteriors/Prefabs/Hay_d.prefab
  artifactKey: Guid(056578f2a60aa3f47a4459fdb1c7241c) Importer(815301076,1909f56bfc062723c751e8b465ee728b)
Start importing Assets/MedievalTownExteriors/Prefabs/Hay_d.prefab using Guid(056578f2a60aa3f47a4459fdb1c7241c) Importer(815301076,1909f56bfc062723c751e8b465ee728b)  -> (artifact id: 'eee02445ac6de56eef5b8cf7f823b673') in 0.091503 seconds 
========================================================================
Received Import Request.
  Time since last request: 0.000052 seconds.
  path: Assets/MedievalTownExteriors/Prefabs/Mushroom_c.prefab
  artifactKey: Guid(b4c76366100be8d47aaca26006e1e7d5) Importer(815301076,1909f56bfc062723c751e8b465ee728b)
Start importing Assets/MedievalTownExteriors/Prefabs/Mushroom_c.prefab using Guid(b4c76366100be8d47aaca26006e1e7d5) Importer(815301076,1909f56bfc062723c751e8b465ee728b)  -> (artifact id: 'd15588afc1b3a32a7da61a8809b2409f') in 0.069837 seconds 
========================================================================
Received Import Request.
  Time since last request: 0.000032 seconds.
  path: Assets/MedievalTownExteriors/Prefabs/Sign_c.prefab
  artifactKey: Guid(21919ccc92a1bc445a9e67167e6ad9bd) Importer(815301076,1909f56bfc062723c751e8b465ee728b)
Start importing Assets/MedievalTownExteriors/Prefabs/Sign_c.prefab using Guid(21919ccc92a1bc445a9e67167e6ad9bd) Importer(815301076,1909f56bfc062723c751e8b465ee728b)  -> (artifact id: '370b206181d34e97a8bb080870336729') in 0.056128 seconds 
========================================================================
Received Import Request.
  Time since last request: 0.000040 seconds.
  path: Assets/MedievalTownExteriors/Prefabs/Hay_c.prefab
  artifactKey: Guid(923ec327cbb4a4545af1dcb073589c9d) Importer(815301076,1909f56bfc062723c751e8b465ee728b)
Start importing Assets/MedievalTownExteriors/Prefabs/Hay_c.prefab using Guid(923ec327cbb4a4545af1dcb073589c9d) Importer(815301076,1909f56bfc062723c751e8b465ee728b)  -> (artifact id: '2ba99838e5ab41786516180d8920d8e6') in 0.059884 seconds 
========================================================================
Received Import Request.
  Time since last request: 0.000041 seconds.
  path: Assets/MedievalTownExteriors/Prefabs/Rock_a.prefab
  artifactKey: Guid(6dae62de16c1a7948957ecb3f97cb911) Importer(815301076,1909f56bfc062723c751e8b465ee728b)
Start importing Assets/MedievalTownExteriors/Prefabs/Rock_a.prefab using Guid(6dae62de16c1a7948957ecb3f97cb911) Importer(815301076,1909f56bfc062723c751e8b465ee728b)  -> (artifact id: 'd8e1b3310f44a7080b654d63c150c14f') in 0.188152 seconds 
========================================================================
Received Import Request.
  Time since last request: 0.000033 seconds.
  path: Assets/MedievalTownExteriors/Prefabs/Lantern.prefab
  artifactKey: Guid(4c1598ecae5595b43a9d6af2b80aca62) Importer(815301076,1909f56bfc062723c751e8b465ee728b)
Start importing Assets/MedievalTownExteriors/Prefabs/Lantern.prefab using Guid(4c1598ecae5595b43a9d6af2b80aca62) Importer(815301076,1909f56bfc062723c751e8b465ee728b)  -> (artifact id: 'd514532778b69e22d47884ff160f2fef') in 0.046278 seconds 
========================================================================
Received Import Request.
  Time since last request: 0.000028 seconds.
  path: Assets/MedievalTownExteriors/Prefabs/Grass.prefab
  artifactKey: Guid(471c1eb32c770a54ea8a1c3ffbda1de6) Importer(815301076,1909f56bfc062723c751e8b465ee728b)
Start importing Assets/MedievalTownExteriors/Prefabs/Grass.prefab using Guid(471c1eb32c770a54ea8a1c3ffbda1de6) Importer(815301076,1909f56bfc062723c751e8b465ee728b)  -> (artifact id: '9cf104fc1b70ec4dff90e5619913ef1b') in 0.063616 seconds 
========================================================================
Received Import Request.
  Time since last request: 0.000031 seconds.
  path: Assets/MedievalTownExteriors/Prefabs/Sign_d.prefab
  artifactKey: Guid(6fc58950172822847ade368b03b7d4dd) Importer(815301076,1909f56bfc062723c751e8b465ee728b)
Start importing Assets/MedievalTownExteriors/Prefabs/Sign_d.prefab using Guid(6fc58950172822847ade368b03b7d4dd) Importer(815301076,1909f56bfc062723c751e8b465ee728b)  -> (artifact id: '1577b5ece45dce68839135c018c8fc58') in 0.064944 seconds 
========================================================================
Received Import Request.
  Time since last request: 0.000031 seconds.
  path: Assets/MedievalTownExteriors/Prefabs/Logs_b.prefab
  artifactKey: Guid(737f000fba6aa60458d3ec61cb22fcc3) Importer(815301076,1909f56bfc062723c751e8b465ee728b)
Start importing Assets/MedievalTownExteriors/Prefabs/Logs_b.prefab using Guid(737f000fba6aa60458d3ec61cb22fcc3) Importer(815301076,1909f56bfc062723c751e8b465ee728b)  -> (artifact id: 'd6dacbda31f722d5a623880e74445808') in 0.075784 seconds 
========================================================================
Received Import Request.
  Time since last request: 0.241688 seconds.
  path: Assets/MedievalTownExteriors/Prefabs/Fence_a.prefab
  artifactKey: Guid(950c0a0cf14577549b026c95956a3c99) Importer(815301076,1909f56bfc062723c751e8b465ee728b)
Start importing Assets/MedievalTownExteriors/Prefabs/Fence_a.prefab using Guid(950c0a0cf14577549b026c95956a3c99) Importer(815301076,1909f56bfc062723c751e8b465ee728b)  -> (artifact id: '0d5515d4fc0de0fc16b1f70fe220a792') in 0.108034 seconds 
========================================================================
Received Import Request.
  Time since last request: 19.718959 seconds.
  path: Assets/NEXTLOG_CreaturePack_Part01/Creatures_Slime
  artifactKey: Guid(d9e92b8d2888a61449a7ab9c511e10a8) Importer(815301076,1909f56bfc062723c751e8b465ee728b)
Start importing Assets/NEXTLOG_CreaturePack_Part01/Creatures_Slime using Guid(d9e92b8d2888a61449a7ab9c511e10a8) Importer(815301076,1909f56bfc062723c751e8b465ee728b)  -> (artifact id: 'a79a8fb308f7ab21e5b2404387f74b3c') in 0.009692 seconds 
========================================================================
Received Import Request.
  Time since last request: 2.273501 seconds.
  path: Assets/NEXTLOG_CreaturePack_Part01/Creatures_Slime/Prefabs
  artifactKey: Guid(aa44b42aaf5e39b4c9649076d4a302c6) Importer(815301076,1909f56bfc062723c751e8b465ee728b)
Start importing Assets/NEXTLOG_CreaturePack_Part01/Creatures_Slime/Prefabs using Guid(aa44b42aaf5e39b4c9649076d4a302c6) Importer(815301076,1909f56bfc062723c751e8b465ee728b)  -> (artifact id: '84debcdd680d27bfb5879c1e46ae3e0c') in 0.012523 seconds 
========================================================================
Received Import Request.
  Time since last request: 0.039747 seconds.
  path: Assets/NEXTLOG_CreaturePack_Part01/Creatures_Slime/Prefabs/Creatures_Slime_001.prefab
  artifactKey: Guid(33e008dd8a7d6914fa8006e370dd1ec6) Importer(815301076,1909f56bfc062723c751e8b465ee728b)
Start importing Assets/NEXTLOG_CreaturePack_Part01/Creatures_Slime/Prefabs/Creatures_Slime_001.prefab using Guid(33e008dd8a7d6914fa8006e370dd1ec6) Importer(815301076,1909f56bfc062723c751e8b465ee728b) Asset 'Ani_Creatures_Slime': Transition 'Idle -> Run' in state 'Idle' doesn't have an Exit Time or any condition, transition will be ignored
UnityEngine.StackTraceUtility:ExtractStackTrace ()
UnityEditor.EditorUtility:Internal_InstantiateRemoveAllNonAnimationComponentsSingle (UnityEngine.Object,UnityEngine.Vector3,UnityEngine.Quaternion)
UnityEditor.EditorUtility:InstantiateRemoveAllNonAnimationComponents (UnityEngine.Object,UnityEngine.Vector3,UnityEngine.Quaternion)
UnityEditor.EditorUtility:InstantiateForAnimatorPreview (UnityEngine.Object)
UnityEditor.GameObjectInspector/PreviewData:UpdateGameObject (UnityEngine.Object)
UnityEditor.GameObjectInspector/PreviewData:.ctor (UnityEngine.Object)
UnityEditor.GameObjectInspector:GetPreviewData ()
UnityEditor.GameObjectInspector:RenderStaticPreview (string,UnityEngine.Object[],int,int)
UnityEditor.AssetPreviewUpdater:CreatePreview (UnityEngine.Object,UnityEngine.Object[],string,int,int)
UnityEditor.AssetPreviewUpdater:CreatePreviewForAsset (UnityEngine.Object,UnityEngine.Object[],string)

[C:\buildslave\unity\build\Editor\Src\Animation\StateMachine.cpp line 1845]

Asset 'Ani_Creatures_Slime': Transition 'Idle -> Stun' in state 'Idle' doesn't have an Exit Time or any condition, transition will be ignored
UnityEngine.StackTraceUtility:ExtractStackTrace ()
UnityEditor.EditorUtility:Internal_InstantiateRemoveAllNonAnimationComponentsSingle (UnityEngine.Object,UnityEngine.Vector3,UnityEngine.Quaternion)
UnityEditor.EditorUtility:InstantiateRemoveAllNonAnimationComponents (UnityEngine.Object,UnityEngine.Vector3,UnityEngine.Quaternion)
UnityEditor.EditorUtility:InstantiateForAnimatorPreview (UnityEngine.Object)
UnityEditor.GameObjectInspector/PreviewData:UpdateGameObject (UnityEngine.Object)
UnityEditor.GameObjectInspector/PreviewData:.ctor (UnityEngine.Object)
UnityEditor.GameObjectInspector:GetPreviewData ()
UnityEditor.GameObjectInspector:RenderStaticPreview (string,UnityEngine.Object[],int,int)
UnityEditor.AssetPreviewUpdater:CreatePreview (UnityEngine.Object,UnityEngine.Object[],string,int,int)
UnityEditor.AssetPreviewUpdater:CreatePreviewForAsset (UnityEngine.Object,UnityEngine.Object[],string)

[C:\buildslave\unity\build\Editor\Src\Animation\StateMachine.cpp line 1845]

Asset 'Ani_Creatures_Slime': Transition 'Idle -> Hit' in state 'Idle' doesn't have an Exit Time or any condition, transition will be ignored
UnityEngine.StackTraceUtility:ExtractStackTrace ()
UnityEditor.EditorUtility:Internal_InstantiateRemoveAllNonAnimationComponentsSingle (UnityEngine.Object,UnityEngine.Vector3,UnityEngine.Quaternion)
UnityEditor.EditorUtility:InstantiateRemoveAllNonAnimationComponents (UnityEngine.Object,UnityEngine.Vector3,UnityEngine.Quaternion)
UnityEditor.EditorUtility:InstantiateForAnimatorPreview (UnityEngine.Object)
UnityEditor.GameObjectInspector/PreviewData:UpdateGameObject (UnityEngine.Object)
UnityEditor.GameObjectInspector/PreviewData:.ctor (UnityEngine.Object)
UnityEditor.GameObjectInspector:GetPreviewData ()
UnityEditor.GameObjectInspector:RenderStaticPreview (string,UnityEngine.Object[],int,int)
UnityEditor.AssetPreviewUpdater:CreatePreview (UnityEngine.Object,UnityEngine.Object[],string,int,int)
UnityEditor.AssetPreviewUpdater:CreatePreviewForAsset (UnityEngine.Object,UnityEngine.Object[],string)

[C:\buildslave\unity\build\Editor\Src\Animation\StateMachine.cpp line 1845]

Asset 'Ani_Creatures_Slime': Transition 'Idle -> Attack' in state 'Idle' doesn't have an Exit Time or any condition, transition will be ignored
UnityEngine.StackTraceUtility:ExtractStackTrace ()
UnityEditor.EditorUtility:Internal_InstantiateRemoveAllNonAnimationComponentsSingle (UnityEngine.Object,UnityEngine.Vector3,UnityEngine.Quaternion)
UnityEditor.EditorUtility:InstantiateRemoveAllNonAnimationComponents (UnityEngine.Object,UnityEngine.Vector3,UnityEngine.Quaternion)
UnityEditor.EditorUtility:InstantiateForAnimatorPreview (UnityEngine.Object)
UnityEditor.GameObjectInspector/PreviewData:UpdateGameObject (UnityEngine.Object)
UnityEditor.GameObjectInspector/PreviewData:.ctor (UnityEngine.Object)
UnityEditor.GameObjectInspector:GetPreviewData ()
UnityEditor.GameObjectInspector:RenderStaticPreview (string,UnityEngine.Object[],int,int)
UnityEditor.AssetPreviewUpdater:CreatePreview (UnityEngine.Object,UnityEngine.Object[],string,int,int)
UnityEditor.AssetPreviewUpdater:CreatePreviewForAsset (UnityEngine.Object,UnityEngine.Object[],string)

[C:\buildslave\unity\build\Editor\Src\Animation\StateMachine.cpp line 1845]

Asset 'Ani_Creatures_Slime': Transition 'Run -> Idle' in state 'Run' doesn't have an Exit Time or any condition, transition will be ignored
UnityEngine.StackTraceUtility:ExtractStackTrace ()
UnityEditor.EditorUtility:Internal_InstantiateRemoveAllNonAnimationComponentsSingle (UnityEngine.Object,UnityEngine.Vector3,UnityEngine.Quaternion)
UnityEditor.EditorUtility:InstantiateRemoveAllNonAnimationComponents (UnityEngine.Object,UnityEngine.Vector3,UnityEngine.Quaternion)
UnityEditor.EditorUtility:InstantiateForAnimatorPreview (UnityEngine.Object)
UnityEditor.GameObjectInspector/PreviewData:UpdateGameObject (UnityEngine.Object)
UnityEditor.GameObjectInspector/PreviewData:.ctor (UnityEngine.Object)
UnityEditor.GameObjectInspector:GetPreviewData ()
UnityEditor.GameObjectInspector:RenderStaticPreview (string,UnityEngine.Object[],int,int)
UnityEditor.AssetPreviewUpdater:CreatePreview (UnityEngine.Object,UnityEngine.Object[],string,int,int)
UnityEditor.AssetPreviewUpdater:CreatePreviewForAsset (UnityEngine.Object,UnityEngine.Object[],string)

[C:\buildslave\unity\build\Editor\Src\Animation\StateMachine.cpp line 1845]

 -> (artifact id: '39348ae45e7b1882b6a90cc892a9f051') in 2.193004 seconds 
========================================================================
Received Import Request.
  Time since last request: 10.333471 seconds.
  path: Assets/NEXTLOG_CreaturePack_Part01/Creatures_Slime/Models/Creatures_Slime_Model_001.FBX
  artifactKey: Guid(54ceccddc88cc38498dec4861467f657) Importer(815301076,1909f56bfc062723c751e8b465ee728b)
Start importing Assets/NEXTLOG_CreaturePack_Part01/Creatures_Slime/Models/Creatures_Slime_Model_001.FBX using Guid(54ceccddc88cc38498dec4861467f657) Importer(815301076,1909f56bfc062723c751e8b465ee728b)  -> (artifact id: '772a6c571fb388f71058fcbda65ea8f3') in 0.049705 seconds 
========================================================================
Received Import Request.
  Time since last request: 0.880507 seconds.
  path: Assets/NEXTLOG_CreaturePack_Part01/Creatures_Slime/Animations/Creatures_Slime_Attack_001.FBX
  artifactKey: Guid(18dd61d28bf01244f93a077425718c50) Importer(815301076,1909f56bfc062723c751e8b465ee728b)
Start importing Assets/NEXTLOG_CreaturePack_Part01/Creatures_Slime/Animations/Creatures_Slime_Attack_001.FBX using Guid(18dd61d28bf01244f93a077425718c50) Importer(815301076,1909f56bfc062723c751e8b465ee728b)  -> (artifact id: 'c1cd60358a3ba00591bc96291a633dbe') in 0.024820 seconds 
========================================================================
Received Import Request.
  Time since last request: 0.000056 seconds.
  path: Assets/SD_RPG_Heroes_Pack/animations/wizardgirl/generic/wizardgirl@idle.fbx
  artifactKey: Guid(76c1f5ddcd2de8640967f55c7b35b438) Importer(815301076,1909f56bfc062723c751e8b465ee728b)
Start importing Assets/SD_RPG_Heroes_Pack/animations/wizardgirl/generic/wizardgirl@idle.fbx using Guid(76c1f5ddcd2de8640967f55c7b35b438) Importer(815301076,1909f56bfc062723c751e8b465ee728b)  -> (artifact id: '4236febe5d18b5801452549d32e94b6c') in 4.813721 seconds 
========================================================================
Received Import Request.
  Time since last request: 0.000066 seconds.
  path: Assets/SD_RPG_Heroes_Pack/animations/swordmaster/generic/swordmaster@run.fbx
  artifactKey: Guid(730bf4889faeb1e448047a51cbf7dd44) Importer(815301076,1909f56bfc062723c751e8b465ee728b)
Start importing Assets/SD_RPG_Heroes_Pack/animations/swordmaster/generic/swordmaster@run.fbx using Guid(730bf4889faeb1e448047a51cbf7dd44) Importer(815301076,1909f56bfc062723c751e8b465ee728b)  -> (artifact id: '89c9184cf1e291978c86463d664e9c14') in 0.082643 seconds 
========================================================================
Received Import Request.
  Time since last request: 0.000049 seconds.
  path: Assets/SD_RPG_Heroes_Pack/animations/wizardgirl/generic/wizardgirl@att02.fbx
  artifactKey: Guid(d802c1b5ec6b045478758f109ededa58) Importer(815301076,1909f56bfc062723c751e8b465ee728b)
Start importing Assets/SD_RPG_Heroes_Pack/animations/wizardgirl/generic/wizardgirl@att02.fbx using Guid(d802c1b5ec6b045478758f109ededa58) Importer(815301076,1909f56bfc062723c751e8b465ee728b)  -> (artifact id: '3b621dae6c145685dab05953a8008e59') in 0.109295 seconds 
========================================================================
Received Import Request.
  Time since last request: 0.000053 seconds.
  path: Assets/SD_RPG_Heroes_Pack/animations/swordmaster/generic/swordmaster@att02.fbx
  artifactKey: Guid(b40ee1187aa86b14796c4ddbf09451dc) Importer(815301076,1909f56bfc062723c751e8b465ee728b)
Start importing Assets/SD_RPG_Heroes_Pack/animations/swordmaster/generic/swordmaster@att02.fbx using Guid(b40ee1187aa86b14796c4ddbf09451dc) Importer(815301076,1909f56bfc062723c751e8b465ee728b)  -> (artifact id: '6c3031190c9decb0c9812e921553da96') in 0.094658 seconds 
========================================================================
Received Prepare
Registering precompiled user dll's ...
Registered in 0.009529 seconds.
Begin MonoManager ReloadAssembly
Native extension for WindowsStandalone target not found
Refreshing native plugins compatible for Editor in 1.18 ms, found 2 plugins.
Preloading 0 native plugins for Editor in 0.00 ms.
Mono: successfully reloaded assembly
- Completed reload, in  3.020 seconds
Domain Reload Profiling:
	ReloadAssembly (3021ms)
		BeginReloadAssembly (387ms)
			ExecutionOrderSort (0ms)
			DisableScriptedObjects (15ms)
			BackupInstance (0ms)
			ReleaseScriptingObjects (0ms)
			CreateAndSetChildDomain (81ms)
		EndReloadAssembly (2438ms)
			LoadAssemblies (290ms)
			RebuildTransferFunctionScriptingTraits (0ms)
			SetupTypeCache (1053ms)
			ReleaseScriptCaches (2ms)
			RebuildScriptCaches (86ms)
			SetupLoadedEditorAssemblies (880ms)
				LogAssemblyErrors (0ms)
				InitializePlatformSupportModulesInManaged (18ms)
				SetLoadedEditorAssemblies (1ms)
				RefreshPlugins (1ms)
				BeforeProcessingInitializeOnLoad (137ms)
				ProcessInitializeOnLoadAttributes (596ms)
				ProcessInitializeOnLoadMethodAttributes (121ms)
				AfterProcessingInitializeOnLoad (6ms)
				EditorAssembliesLoaded (0ms)
			ExecutionOrderSort2 (0ms)
			AwakeInstancesAfterBackupRestoration (39ms)
Platform modules already initialized, skipping
Refreshing native plugins compatible for Editor in 3.29 ms, found 2 plugins.
Preloading 0 native plugins for Editor in 0.00 ms.
Unloading 4867 Unused Serialized files (Serialized files now loaded: 0)
Unloading 40 unused Assets / (1.8 MB). Loaded Objects now: 5777.
Memory consumption went from 231.6 MB to 229.7 MB.
Total: 5.670800 ms (FindLiveObjects: 0.515400 ms CreateObjectMapping: 0.383100 ms MarkObjects: 4.130000 ms  DeleteObjects: 0.640800 ms)

AssetImportParameters requested are different than current active one (requested -> active):
  custom:video-decoder-ogg-theora: a1e56fd34408186e4bbccfd4996cb3dc -> 
  custom:container-muxer-webm: aa71ff27fc2769a1b78a27578f13a17b -> 
  custom:container-demuxer-webm: 4f35f7cbe854078d1ac9338744f61a02 -> 
  custom:video-encoder-webm-vp8: eb34c28f22e8b96e1ab97ce403110664 -> 
  custom:audio-encoder-webm-vorbis: bf7c407c2cedff20999df2af8eb42d56 -> 
  custom:framework-win-MediaFoundation: 216162199b28c13a410421893ffa2e32 -> 
  custom:container-demuxer-ogg: 62fdf1f143b41e24485cea50d1cbac27 -> 
  custom:video-decoder-webm-vp8: 9c59270c3fd7afecdb556c50c9e8de78 -> 
  custom:audio-decoder-ogg-vorbis: bf7c407c2cedff20999df2af8eb42d56 -> 
========================================================================
Received Import Request.
  Time since last request: 237.766086 seconds.
  path: Assets/Scenes/battle
  artifactKey: Guid(138a9305c1533494c99a9d1207490501) Importer(815301076,1909f56bfc062723c751e8b465ee728b)
Start importing Assets/Scenes/battle using Guid(138a9305c1533494c99a9d1207490501) Importer(815301076,1909f56bfc062723c751e8b465ee728b)  -> (artifact id: '668bbbce42145886610e2ab5be05a30c') in 0.016628 seconds 
========================================================================
Received Import Request.
  Time since last request: 3.822995 seconds.
  path: Assets/Scenes/battle.unity
  artifactKey: Guid(210ceb8fb4aa74d4db30b185cc6776f7) Importer(815301076,1909f56bfc062723c751e8b465ee728b)
Start importing Assets/Scenes/battle.unity using Guid(210ceb8fb4aa74d4db30b185cc6776f7) Importer(815301076,1909f56bfc062723c751e8b465ee728b)  -> (artifact id: '10d234d00d435e1fd2f4689865ff3919') in 0.008937 seconds 
