Using pre-set license
Built from '2021.3/staging' branch; Version is '2021.3.3f1 (af2e63e8f9bd) revision 11480675'; Using compiler version '192829333'; Build Type 'Release'
OS: 'Windows 10  (10.0.19043) 64bit CoreSingleLanguage' Language: 'es' Physical Memory: 24383 MB
BatchMode: 1, IsHumanControllingUs: 0, StartBugReporterOnCrash: 0, Is64bit: 1, IsPro: 1

COMMAND LINE ARGUMENTS:
D:\Program Files\Unity\Hub\Editor\2021.3.3f1\Editor\Unity.exe
-adb2
-batchMode
-noUpm
-name
AssetImportWorker6
-projectPath
D:/Unity/rpg-system-semestral-3/rpg-system-semestral-3
-logFile
Logs/AssetImportWorker6.log
-srvPort
55974
Successfully changed project path to: D:/Unity/rpg-system-semestral-3/rpg-system-semestral-3
D:/Unity/rpg-system-semestral-3/rpg-system-semestral-3
[UnityMemory] Configuration Parameters - Can be set up in boot.config
    "memorysetup-bucket-allocator-granularity=16"
    "memorysetup-bucket-allocator-bucket-count=8"
    "memorysetup-bucket-allocator-block-size=33554432"
    "memorysetup-bucket-allocator-block-count=8"
    "memorysetup-main-allocator-block-size=16777216"
    "memorysetup-thread-allocator-block-size=16777216"
    "memorysetup-gfx-main-allocator-block-size=16777216"
    "memorysetup-gfx-thread-allocator-block-size=16777216"
    "memorysetup-cache-allocator-block-size=4194304"
    "memorysetup-typetree-allocator-block-size=2097152"
    "memorysetup-profiler-bucket-allocator-granularity=16"
    "memorysetup-profiler-bucket-allocator-bucket-count=8"
    "memorysetup-profiler-bucket-allocator-block-size=33554432"
    "memorysetup-profiler-bucket-allocator-block-count=8"
    "memorysetup-profiler-allocator-block-size=16777216"
    "memorysetup-profiler-editor-allocator-block-size=1048576"
    "memorysetup-temp-allocator-size-main=16777216"
    "memorysetup-job-temp-allocator-block-size=2097152"
    "memorysetup-job-temp-allocator-block-size-background=1048576"
    "memorysetup-job-temp-allocator-reduction-small-platforms=262144"
    "memorysetup-temp-allocator-size-background-worker=32768"
    "memorysetup-temp-allocator-size-job-worker=262144"
    "memorysetup-temp-allocator-size-preload-manager=33554432"
    "memorysetup-temp-allocator-size-nav-mesh-worker=65536"
    "memorysetup-temp-allocator-size-audio-worker=65536"
    "memorysetup-temp-allocator-size-cloud-worker=32768"
    "memorysetup-temp-allocator-size-gi-baking-worker=262144"
    "memorysetup-temp-allocator-size-gfx=262144"
Refreshing native plugins compatible for Editor in 116.94 ms, found 2 plugins.
Preloading 0 native plugins for Editor in 0.00 ms.
Initialize engine version: 2021.3.3f1 (af2e63e8f9bd)
[Subsystems] Discovering subsystems at path D:/Program Files/Unity/Hub/Editor/2021.3.3f1/Editor/Data/Resources/UnitySubsystems
[Subsystems] Discovering subsystems at path D:/Unity/rpg-system-semestral-3/rpg-system-semestral-3/Assets
GfxDevice: creating device client; threaded=0; jobified=0
Direct3D:
    Version:  Direct3D 11.0 [level 11.1]
    Renderer: NVIDIA GeForce GTX 1050 (ID=0x1c8d)
    Vendor:   NVIDIA
    VRAM:     4019 MB
    Driver:   30.0.15.1179
Initialize mono
Mono path[0] = 'D:/Program Files/Unity/Hub/Editor/2021.3.3f1/Editor/Data/Managed'
Mono path[1] = 'D:/Program Files/Unity/Hub/Editor/2021.3.3f1/Editor/Data/MonoBleedingEdge/lib/mono/unityjit-win32'
Mono config path = 'D:/Program Files/Unity/Hub/Editor/2021.3.3f1/Editor/Data/MonoBleedingEdge/etc'
Using monoOptions --debugger-agent=transport=dt_socket,embedding=1,server=y,suspend=n,address=127.0.0.1:56088
Begin MonoManager ReloadAssembly
Registering precompiled unity dll's ...
Register platform support module: D:/Program Files/Unity/Hub/Editor/2021.3.3f1/Editor/Data/PlaybackEngines/WindowsStandaloneSupport/UnityEditor.WindowsStandalone.Extensions.dll
Registered in 0.005581 seconds.
Native extension for WindowsStandalone target not found
Refreshing native plugins compatible for Editor in 131.01 ms, found 2 plugins.
Preloading 0 native plugins for Editor in 0.00 ms.
Mono: successfully reloaded assembly
- Completed reload, in  1.015 seconds
Domain Reload Profiling:
	ReloadAssembly (1015ms)
		BeginReloadAssembly (107ms)
			ExecutionOrderSort (0ms)
			DisableScriptedObjects (0ms)
			BackupInstance (0ms)
			ReleaseScriptingObjects (0ms)
			CreateAndSetChildDomain (1ms)
		EndReloadAssembly (727ms)
			LoadAssemblies (105ms)
			RebuildTransferFunctionScriptingTraits (0ms)
			SetupTypeCache (188ms)
			ReleaseScriptCaches (0ms)
			RebuildScriptCaches (50ms)
			SetupLoadedEditorAssemblies (410ms)
				LogAssemblyErrors (0ms)
				InitializePlatformSupportModulesInManaged (11ms)
				SetLoadedEditorAssemblies (0ms)
				RefreshPlugins (131ms)
				BeforeProcessingInitializeOnLoad (2ms)
				ProcessInitializeOnLoadAttributes (204ms)
				ProcessInitializeOnLoadMethodAttributes (63ms)
				AfterProcessingInitializeOnLoad (0ms)
				EditorAssembliesLoaded (0ms)
			ExecutionOrderSort2 (0ms)
			AwakeInstancesAfterBackupRestoration (0ms)
Platform modules already initialized, skipping
Registering precompiled user dll's ...
Registered in 0.008505 seconds.
Begin MonoManager ReloadAssembly
Native extension for WindowsStandalone target not found
Refreshing native plugins compatible for Editor in 104.89 ms, found 2 plugins.
Preloading 0 native plugins for Editor in 0.00 ms.
Package Manager log level set to [2]
Mono: successfully reloaded assembly
- Completed reload, in  2.014 seconds
Domain Reload Profiling:
	ReloadAssembly (2015ms)
		BeginReloadAssembly (181ms)
			ExecutionOrderSort (0ms)
			DisableScriptedObjects (13ms)
			BackupInstance (0ms)
			ReleaseScriptingObjects (0ms)
			CreateAndSetChildDomain (24ms)
		EndReloadAssembly (1670ms)
			LoadAssemblies (154ms)
			RebuildTransferFunctionScriptingTraits (0ms)
			SetupTypeCache (358ms)
			ReleaseScriptCaches (1ms)
			RebuildScriptCaches (101ms)
			SetupLoadedEditorAssemblies (1014ms)
				LogAssemblyErrors (0ms)
				InitializePlatformSupportModulesInManaged (15ms)
				SetLoadedEditorAssemblies (0ms)
				RefreshPlugins (105ms)
				BeforeProcessingInitializeOnLoad (143ms)
				ProcessInitializeOnLoadAttributes (553ms)
				ProcessInitializeOnLoadMethodAttributes (191ms)
				AfterProcessingInitializeOnLoad (7ms)
				EditorAssembliesLoaded (0ms)
			ExecutionOrderSort2 (0ms)
			AwakeInstancesAfterBackupRestoration (8ms)
Platform modules already initialized, skipping
========================================================================
Worker process is ready to serve import requests
Launched and connected shader compiler UnityShaderCompiler.exe after 0.69 seconds
Refreshing native plugins compatible for Editor in 0.98 ms, found 2 plugins.
Preloading 0 native plugins for Editor in 0.00 ms.
Unloading 5031 Unused Serialized files (Serialized files now loaded: 0)
Unloading 69 unused Assets / (1.9 MB). Loaded Objects now: 5499.
Memory consumption went from 221.9 MB to 220.0 MB.
Total: 6.416200 ms (FindLiveObjects: 0.498300 ms CreateObjectMapping: 0.450800 ms MarkObjects: 4.912000 ms  DeleteObjects: 0.552900 ms)

AssetImportParameters requested are different than current active one (requested -> active):
  custom:video-decoder-ogg-theora: a1e56fd34408186e4bbccfd4996cb3dc -> 
  custom:container-muxer-webm: aa71ff27fc2769a1b78a27578f13a17b -> 
  custom:container-demuxer-webm: 4f35f7cbe854078d1ac9338744f61a02 -> 
  custom:video-encoder-webm-vp8: eb34c28f22e8b96e1ab97ce403110664 -> 
  custom:audio-encoder-webm-vorbis: bf7c407c2cedff20999df2af8eb42d56 -> 
  custom:framework-win-MediaFoundation: 216162199b28c13a410421893ffa2e32 -> 
  custom:container-demuxer-ogg: 62fdf1f143b41e24485cea50d1cbac27 -> 
  custom:video-decoder-webm-vp8: 9c59270c3fd7afecdb556c50c9e8de78 -> 
  custom:audio-decoder-ogg-vorbis: bf7c407c2cedff20999df2af8eb42d56 -> 
========================================================================
Received Import Request.
  Time since last request: 7471.043665 seconds.
  path: Assets/MedievalTownExteriors/Meshes/Fence_b.fbx
  artifactKey: Guid(a72ed2b34d4339644af1c666d2b5d727) Importer(815301076,1909f56bfc062723c751e8b465ee728b)
Start importing Assets/MedievalTownExteriors/Meshes/Fence_b.fbx using Guid(a72ed2b34d4339644af1c666d2b5d727) Importer(815301076,1909f56bfc062723c751e8b465ee728b)  -> (artifact id: '2b7dba333ddfd0a527bc752c99d52be4') in 0.573975 seconds 
========================================================================
Received Import Request.
  Time since last request: 0.000052 seconds.
  path: Assets/MedievalTownExteriors/Meshes/Sign_b.fbx
  artifactKey: Guid(370e01ab289f76a4fbe14d6428537af3) Importer(815301076,1909f56bfc062723c751e8b465ee728b)
Start importing Assets/MedievalTownExteriors/Meshes/Sign_b.fbx using Guid(370e01ab289f76a4fbe14d6428537af3) Importer(815301076,1909f56bfc062723c751e8b465ee728b)  -> (artifact id: 'b3ae737c931787d62a7842043dd48d29') in 0.050795 seconds 
========================================================================
Received Import Request.
  Time since last request: 0.000049 seconds.
  path: Assets/MedievalTownExteriors/Meshes/Rock_e.fbx
  artifactKey: Guid(fde0fd8d6ea2b654cb48ad2f94e1ccd5) Importer(815301076,1909f56bfc062723c751e8b465ee728b)
Start importing Assets/MedievalTownExteriors/Meshes/Rock_e.fbx using Guid(fde0fd8d6ea2b654cb48ad2f94e1ccd5) Importer(815301076,1909f56bfc062723c751e8b465ee728b)  -> (artifact id: 'edd4a19fdc1ecbb92dd036b1397a911d') in 0.094242 seconds 
========================================================================
Received Import Request.
  Time since last request: 0.000032 seconds.
  path: Assets/MedievalTownExteriors/Meshes/Hay_b.fbx
  artifactKey: Guid(e30eaf679693c3a4da5b53730289c7c7) Importer(815301076,1909f56bfc062723c751e8b465ee728b)
Start importing Assets/MedievalTownExteriors/Meshes/Hay_b.fbx using Guid(e30eaf679693c3a4da5b53730289c7c7) Importer(815301076,1909f56bfc062723c751e8b465ee728b)  -> (artifact id: 'fb8842d202f7a3f3268434b38ee556c2') in 0.116550 seconds 
========================================================================
Received Import Request.
  Time since last request: 0.000032 seconds.
  path: Assets/MedievalTownExteriors/Meshes/Logs_a.fbx
  artifactKey: Guid(db6f6804c3df5c54bbb2b402c3a72cf1) Importer(815301076,1909f56bfc062723c751e8b465ee728b)
Start importing Assets/MedievalTownExteriors/Meshes/Logs_a.fbx using Guid(db6f6804c3df5c54bbb2b402c3a72cf1) Importer(815301076,1909f56bfc062723c751e8b465ee728b)  -> (artifact id: '243d78f1c5b66769d492021de003b8f0') in 0.073735 seconds 
========================================================================
Received Import Request.
  Time since last request: 0.000041 seconds.
  path: Assets/MedievalTownExteriors/Meshes/Tent_collider.fbx
  artifactKey: Guid(2c58a0598ecc8c24db8015373dafed1e) Importer(815301076,1909f56bfc062723c751e8b465ee728b)
Start importing Assets/MedievalTownExteriors/Meshes/Tent_collider.fbx using Guid(2c58a0598ecc8c24db8015373dafed1e) Importer(815301076,1909f56bfc062723c751e8b465ee728b)  -> (artifact id: '4141ea5747d1b0a4feb999929f5025c0') in 0.071040 seconds 
========================================================================
Received Import Request.
  Time since last request: 0.000043 seconds.
  path: Assets/MedievalTownExteriors/Meshes/Well.fbx
  artifactKey: Guid(4d9f516fcb3181b41b3d31cfb88c7885) Importer(815301076,1909f56bfc062723c751e8b465ee728b)
Start importing Assets/MedievalTownExteriors/Meshes/Well.fbx using Guid(4d9f516fcb3181b41b3d31cfb88c7885) Importer(815301076,1909f56bfc062723c751e8b465ee728b)  -> (artifact id: 'f853e6ca1bfda00a23eb52ce0eff27e5') in 0.111396 seconds 
========================================================================
Received Import Request.
  Time since last request: 0.000047 seconds.
  path: Assets/MedievalTownExteriors/Meshes/Mushroom_d.fbx
  artifactKey: Guid(65dd9147cf3ee6e459e3a069ac6bbf08) Importer(815301076,1909f56bfc062723c751e8b465ee728b)
Start importing Assets/MedievalTownExteriors/Meshes/Mushroom_d.fbx using Guid(65dd9147cf3ee6e459e3a069ac6bbf08) Importer(815301076,1909f56bfc062723c751e8b465ee728b)  -> (artifact id: 'aa3c8dd65fac8fbeab2ed22d1656e690') in 0.095763 seconds 
========================================================================
Received Import Request.
  Time since last request: 0.000065 seconds.
  path: Assets/MedievalTownExteriors/Meshes/Food_b.fbx
  artifactKey: Guid(a5ba7ec866a50d842a103f785e6d3e1b) Importer(815301076,1909f56bfc062723c751e8b465ee728b)
Start importing Assets/MedievalTownExteriors/Meshes/Food_b.fbx using Guid(a5ba7ec866a50d842a103f785e6d3e1b) Importer(815301076,1909f56bfc062723c751e8b465ee728b)  -> (artifact id: 'f1c52c092a43ed60cbb59c5119a14f1b') in 0.072168 seconds 
========================================================================
Received Import Request.
  Time since last request: 0.000034 seconds.
  path: Assets/MedievalTownExteriors/Meshes/Sign_a.fbx
  artifactKey: Guid(fa0ffbad10cbc6b409051f1695048302) Importer(815301076,1909f56bfc062723c751e8b465ee728b)
Start importing Assets/MedievalTownExteriors/Meshes/Sign_a.fbx using Guid(fa0ffbad10cbc6b409051f1695048302) Importer(815301076,1909f56bfc062723c751e8b465ee728b)  -> (artifact id: '80186817762462250dd4e68cca83fb2e') in 0.200726 seconds 
========================================================================
Received Import Request.
  Time since last request: 0.000034 seconds.
  path: Assets/MedievalTownExteriors/Meshes/Sign_c.fbx
  artifactKey: Guid(7aee8f3ae9da5ea459f80dd04d669d09) Importer(815301076,1909f56bfc062723c751e8b465ee728b)
Start importing Assets/MedievalTownExteriors/Meshes/Sign_c.fbx using Guid(7aee8f3ae9da5ea459f80dd04d669d09) Importer(815301076,1909f56bfc062723c751e8b465ee728b)  -> (artifact id: '6980dcb795368cf824412fce96d159e5') in 0.271074 seconds 
========================================================================
Received Import Request.
  Time since last request: 5.348308 seconds.
  path: Assets/MedievalTownExteriors/Prefabs/Fence_c.prefab
  artifactKey: Guid(b2e876bb6e0ba0a42b628002c60efe3b) Importer(815301076,1909f56bfc062723c751e8b465ee728b)
Start importing Assets/MedievalTownExteriors/Prefabs/Fence_c.prefab using Guid(b2e876bb6e0ba0a42b628002c60efe3b) Importer(815301076,1909f56bfc062723c751e8b465ee728b)  -> (artifact id: '39bb42f180f0942b50f495630c8a7408') in 0.102470 seconds 
========================================================================
Received Import Request.
  Time since last request: 0.000050 seconds.
  path: Assets/MedievalTownExteriors/Prefabs/Logs_a.prefab
  artifactKey: Guid(1302c983138d8344f81486021c92aa98) Importer(815301076,1909f56bfc062723c751e8b465ee728b)
Start importing Assets/MedievalTownExteriors/Prefabs/Logs_a.prefab using Guid(1302c983138d8344f81486021c92aa98) Importer(815301076,1909f56bfc062723c751e8b465ee728b)  -> (artifact id: '65d379dbb70de06d16f312237fe3f917') in 0.090941 seconds 
========================================================================
Received Import Request.
  Time since last request: 0.000060 seconds.
  path: Assets/MedievalTownExteriors/Prefabs/Mushroom_b.prefab
  artifactKey: Guid(ae446b6954a0f884abadb75f6f8c3098) Importer(815301076,1909f56bfc062723c751e8b465ee728b)
Start importing Assets/MedievalTownExteriors/Prefabs/Mushroom_b.prefab using Guid(ae446b6954a0f884abadb75f6f8c3098) Importer(815301076,1909f56bfc062723c751e8b465ee728b)  -> (artifact id: 'c064e1a3f50518c4b603a3a47ee38894') in 0.070156 seconds 
========================================================================
Received Import Request.
  Time since last request: 0.000047 seconds.
  path: Assets/MedievalTownExteriors/Prefabs/Mushroom_a.prefab
  artifactKey: Guid(161bd54067fc8bc48992806fb7c4fe3b) Importer(815301076,1909f56bfc062723c751e8b465ee728b)
Start importing Assets/MedievalTownExteriors/Prefabs/Mushroom_a.prefab using Guid(161bd54067fc8bc48992806fb7c4fe3b) Importer(815301076,1909f56bfc062723c751e8b465ee728b)  -> (artifact id: '1b95ca3d6e1f2480d87691d2457bddae') in 0.055620 seconds 
========================================================================
Received Import Request.
  Time since last request: 0.000033 seconds.
  path: Assets/MedievalTownExteriors/Prefabs/Hay_b.prefab
  artifactKey: Guid(2f1d35023a410684195ebaff92d15273) Importer(815301076,1909f56bfc062723c751e8b465ee728b)
Start importing Assets/MedievalTownExteriors/Prefabs/Hay_b.prefab using Guid(2f1d35023a410684195ebaff92d15273) Importer(815301076,1909f56bfc062723c751e8b465ee728b)  -> (artifact id: 'd4a51d1c682201344186ed5829de4fb0') in 0.054063 seconds 
========================================================================
Received Import Request.
  Time since last request: 0.000034 seconds.
  path: Assets/MedievalTownExteriors/Prefabs/Hay_a.prefab
  artifactKey: Guid(d2455836f34483a42b6613a8fc03a747) Importer(815301076,1909f56bfc062723c751e8b465ee728b)
Start importing Assets/MedievalTownExteriors/Prefabs/Hay_a.prefab using Guid(d2455836f34483a42b6613a8fc03a747) Importer(815301076,1909f56bfc062723c751e8b465ee728b)  -> (artifact id: '5b16076460161172d3f0157e1943fca0') in 0.086406 seconds 
========================================================================
Received Import Request.
  Time since last request: 0.000034 seconds.
  path: Assets/MedievalTownExteriors/Prefabs/Rock_e.prefab
  artifactKey: Guid(1d5cfa24a2d63824f8635403a99c423c) Importer(815301076,1909f56bfc062723c751e8b465ee728b)
Start importing Assets/MedievalTownExteriors/Prefabs/Rock_e.prefab using Guid(1d5cfa24a2d63824f8635403a99c423c) Importer(815301076,1909f56bfc062723c751e8b465ee728b)  -> (artifact id: '375ab8471f07137af525bfe380afa266') in 0.118734 seconds 
========================================================================
Received Import Request.
  Time since last request: 0.000177 seconds.
  path: Assets/MedievalTownExteriors/Prefabs/Lantern_post.prefab
  artifactKey: Guid(019569278ee343c4e950e1f9afe6ec4f) Importer(815301076,1909f56bfc062723c751e8b465ee728b)
Start importing Assets/MedievalTownExteriors/Prefabs/Lantern_post.prefab using Guid(019569278ee343c4e950e1f9afe6ec4f) Importer(815301076,1909f56bfc062723c751e8b465ee728b)  -> (artifact id: '3a02bd8e356393b906155b4de36b302a') in 0.081716 seconds 
========================================================================
Received Import Request.
  Time since last request: 0.000037 seconds.
  path: Assets/MedievalTownExteriors/Prefabs/Rock_d.prefab
  artifactKey: Guid(5b1f42b67720e0a448cd645f5eb8395d) Importer(815301076,1909f56bfc062723c751e8b465ee728b)
Start importing Assets/MedievalTownExteriors/Prefabs/Rock_d.prefab using Guid(5b1f42b67720e0a448cd645f5eb8395d) Importer(815301076,1909f56bfc062723c751e8b465ee728b)  -> (artifact id: '2ee2c63faecbd8c0aec4f84cc567922a') in 0.061387 seconds 
========================================================================
Received Import Request.
  Time since last request: 0.000034 seconds.
  path: Assets/MedievalTownExteriors/Prefabs/Food_b.prefab
  artifactKey: Guid(43972cadef1914d4f81ad6e4d8678cd1) Importer(815301076,1909f56bfc062723c751e8b465ee728b)
Start importing Assets/MedievalTownExteriors/Prefabs/Food_b.prefab using Guid(43972cadef1914d4f81ad6e4d8678cd1) Importer(815301076,1909f56bfc062723c751e8b465ee728b)  -> (artifact id: 'a1f99b837cb12f66c1a510e23663906f') in 0.077855 seconds 
========================================================================
Received Import Request.
  Time since last request: 0.000037 seconds.
  path: Assets/MedievalTownExteriors/Prefabs/Rock_b.prefab
  artifactKey: Guid(7d68ef85b5774b8409ac6d158e5a7709) Importer(815301076,1909f56bfc062723c751e8b465ee728b)
Start importing Assets/MedievalTownExteriors/Prefabs/Rock_b.prefab using Guid(7d68ef85b5774b8409ac6d158e5a7709) Importer(815301076,1909f56bfc062723c751e8b465ee728b)  -> (artifact id: '2374b4973b974a5ea039825c6f53ee62') in 0.060809 seconds 
========================================================================
Received Import Request.
  Time since last request: 22.371733 seconds.
  path: Assets/NEXTLOG_CreaturePack_Part01/Creatures_Slime/Prefabs/Creatures_Slime_002.prefab
  artifactKey: Guid(68d60866ab26916429ec380c4f928ebb) Importer(815301076,1909f56bfc062723c751e8b465ee728b)
Start importing Assets/NEXTLOG_CreaturePack_Part01/Creatures_Slime/Prefabs/Creatures_Slime_002.prefab using Guid(68d60866ab26916429ec380c4f928ebb) Importer(815301076,1909f56bfc062723c751e8b465ee728b) Asset 'Ani_Creatures_Slime': Transition 'Idle -> Run' in state 'Idle' doesn't have an Exit Time or any condition, transition will be ignored
UnityEngine.StackTraceUtility:ExtractStackTrace ()
UnityEditor.EditorUtility:Internal_InstantiateRemoveAllNonAnimationComponentsSingle (UnityEngine.Object,UnityEngine.Vector3,UnityEngine.Quaternion)
UnityEditor.EditorUtility:InstantiateRemoveAllNonAnimationComponents (UnityEngine.Object,UnityEngine.Vector3,UnityEngine.Quaternion)
UnityEditor.EditorUtility:InstantiateForAnimatorPreview (UnityEngine.Object)
UnityEditor.GameObjectInspector/PreviewData:UpdateGameObject (UnityEngine.Object)
UnityEditor.GameObjectInspector/PreviewData:.ctor (UnityEngine.Object)
UnityEditor.GameObjectInspector:GetPreviewData ()
UnityEditor.GameObjectInspector:RenderStaticPreview (string,UnityEngine.Object[],int,int)
UnityEditor.AssetPreviewUpdater:CreatePreview (UnityEngine.Object,UnityEngine.Object[],string,int,int)
UnityEditor.AssetPreviewUpdater:CreatePreviewForAsset (UnityEngine.Object,UnityEngine.Object[],string)

[C:\buildslave\unity\build\Editor\Src\Animation\StateMachine.cpp line 1845]

Asset 'Ani_Creatures_Slime': Transition 'Idle -> Stun' in state 'Idle' doesn't have an Exit Time or any condition, transition will be ignored
UnityEngine.StackTraceUtility:ExtractStackTrace ()
UnityEditor.EditorUtility:Internal_InstantiateRemoveAllNonAnimationComponentsSingle (UnityEngine.Object,UnityEngine.Vector3,UnityEngine.Quaternion)
UnityEditor.EditorUtility:InstantiateRemoveAllNonAnimationComponents (UnityEngine.Object,UnityEngine.Vector3,UnityEngine.Quaternion)
UnityEditor.EditorUtility:InstantiateForAnimatorPreview (UnityEngine.Object)
UnityEditor.GameObjectInspector/PreviewData:UpdateGameObject (UnityEngine.Object)
UnityEditor.GameObjectInspector/PreviewData:.ctor (UnityEngine.Object)
UnityEditor.GameObjectInspector:GetPreviewData ()
UnityEditor.GameObjectInspector:RenderStaticPreview (string,UnityEngine.Object[],int,int)
UnityEditor.AssetPreviewUpdater:CreatePreview (UnityEngine.Object,UnityEngine.Object[],string,int,int)
UnityEditor.AssetPreviewUpdater:CreatePreviewForAsset (UnityEngine.Object,UnityEngine.Object[],string)

[C:\buildslave\unity\build\Editor\Src\Animation\StateMachine.cpp line 1845]

Asset 'Ani_Creatures_Slime': Transition 'Idle -> Hit' in state 'Idle' doesn't have an Exit Time or any condition, transition will be ignored
UnityEngine.StackTraceUtility:ExtractStackTrace ()
UnityEditor.EditorUtility:Internal_InstantiateRemoveAllNonAnimationComponentsSingle (UnityEngine.Object,UnityEngine.Vector3,UnityEngine.Quaternion)
UnityEditor.EditorUtility:InstantiateRemoveAllNonAnimationComponents (UnityEngine.Object,UnityEngine.Vector3,UnityEngine.Quaternion)
UnityEditor.EditorUtility:InstantiateForAnimatorPreview (UnityEngine.Object)
UnityEditor.GameObjectInspector/PreviewData:UpdateGameObject (UnityEngine.Object)
UnityEditor.GameObjectInspector/PreviewData:.ctor (UnityEngine.Object)
UnityEditor.GameObjectInspector:GetPreviewData ()
UnityEditor.GameObjectInspector:RenderStaticPreview (string,UnityEngine.Object[],int,int)
UnityEditor.AssetPreviewUpdater:CreatePreview (UnityEngine.Object,UnityEngine.Object[],string,int,int)
UnityEditor.AssetPreviewUpdater:CreatePreviewForAsset (UnityEngine.Object,UnityEngine.Object[],string)

[C:\buildslave\unity\build\Editor\Src\Animation\StateMachine.cpp line 1845]

Asset 'Ani_Creatures_Slime': Transition 'Idle -> Attack' in state 'Idle' doesn't have an Exit Time or any condition, transition will be ignored
UnityEngine.StackTraceUtility:ExtractStackTrace ()
UnityEditor.EditorUtility:Internal_InstantiateRemoveAllNonAnimationComponentsSingle (UnityEngine.Object,UnityEngine.Vector3,UnityEngine.Quaternion)
UnityEditor.EditorUtility:InstantiateRemoveAllNonAnimationComponents (UnityEngine.Object,UnityEngine.Vector3,UnityEngine.Quaternion)
UnityEditor.EditorUtility:InstantiateForAnimatorPreview (UnityEngine.Object)
UnityEditor.GameObjectInspector/PreviewData:UpdateGameObject (UnityEngine.Object)
UnityEditor.GameObjectInspector/PreviewData:.ctor (UnityEngine.Object)
UnityEditor.GameObjectInspector:GetPreviewData ()
UnityEditor.GameObjectInspector:RenderStaticPreview (string,UnityEngine.Object[],int,int)
UnityEditor.AssetPreviewUpdater:CreatePreview (UnityEngine.Object,UnityEngine.Object[],string,int,int)
UnityEditor.AssetPreviewUpdater:CreatePreviewForAsset (UnityEngine.Object,UnityEngine.Object[],string)

[C:\buildslave\unity\build\Editor\Src\Animation\StateMachine.cpp line 1845]

Asset 'Ani_Creatures_Slime': Transition 'Run -> Idle' in state 'Run' doesn't have an Exit Time or any condition, transition will be ignored
UnityEngine.StackTraceUtility:ExtractStackTrace ()
UnityEditor.EditorUtility:Internal_InstantiateRemoveAllNonAnimationComponentsSingle (UnityEngine.Object,UnityEngine.Vector3,UnityEngine.Quaternion)
UnityEditor.EditorUtility:InstantiateRemoveAllNonAnimationComponents (UnityEngine.Object,UnityEngine.Vector3,UnityEngine.Quaternion)
UnityEditor.EditorUtility:InstantiateForAnimatorPreview (UnityEngine.Object)
UnityEditor.GameObjectInspector/PreviewData:UpdateGameObject (UnityEngine.Object)
UnityEditor.GameObjectInspector/PreviewData:.ctor (UnityEngine.Object)
UnityEditor.GameObjectInspector:GetPreviewData ()
UnityEditor.GameObjectInspector:RenderStaticPreview (string,UnityEngine.Object[],int,int)
UnityEditor.AssetPreviewUpdater:CreatePreview (UnityEngine.Object,UnityEngine.Object[],string,int,int)
UnityEditor.AssetPreviewUpdater:CreatePreviewForAsset (UnityEngine.Object,UnityEngine.Object[],string)

[C:\buildslave\unity\build\Editor\Src\Animation\StateMachine.cpp line 1845]

 -> (artifact id: '26e293faf60872ad268f19c8fb4518e3') in 0.072782 seconds 
========================================================================
Received Import Request.
  Time since last request: 0.000053 seconds.
  path: Assets/NEXTLOG_CreaturePack_Part01/Creatures_Slime/Prefabs/Creatures_Slime_005.prefab
  artifactKey: Guid(e7d66dda8a89bff42850d1fe945e0815) Importer(815301076,1909f56bfc062723c751e8b465ee728b)
Start importing Assets/NEXTLOG_CreaturePack_Part01/Creatures_Slime/Prefabs/Creatures_Slime_005.prefab using Guid(e7d66dda8a89bff42850d1fe945e0815) Importer(815301076,1909f56bfc062723c751e8b465ee728b) Asset 'Ani_Creatures_Slime': Transition 'Idle -> Run' in state 'Idle' doesn't have an Exit Time or any condition, transition will be ignored
UnityEngine.StackTraceUtility:ExtractStackTrace ()
UnityEditor.EditorUtility:Internal_InstantiateRemoveAllNonAnimationComponentsSingle (UnityEngine.Object,UnityEngine.Vector3,UnityEngine.Quaternion)
UnityEditor.EditorUtility:InstantiateRemoveAllNonAnimationComponents (UnityEngine.Object,UnityEngine.Vector3,UnityEngine.Quaternion)
UnityEditor.EditorUtility:InstantiateForAnimatorPreview (UnityEngine.Object)
UnityEditor.GameObjectInspector/PreviewData:UpdateGameObject (UnityEngine.Object)
UnityEditor.GameObjectInspector/PreviewData:.ctor (UnityEngine.Object)
UnityEditor.GameObjectInspector:GetPreviewData ()
UnityEditor.GameObjectInspector:RenderStaticPreview (string,UnityEngine.Object[],int,int)
UnityEditor.AssetPreviewUpdater:CreatePreview (UnityEngine.Object,UnityEngine.Object[],string,int,int)
UnityEditor.AssetPreviewUpdater:CreatePreviewForAsset (UnityEngine.Object,UnityEngine.Object[],string)

[C:\buildslave\unity\build\Editor\Src\Animation\StateMachine.cpp line 1845]

Asset 'Ani_Creatures_Slime': Transition 'Idle -> Stun' in state 'Idle' doesn't have an Exit Time or any condition, transition will be ignored
UnityEngine.StackTraceUtility:ExtractStackTrace ()
UnityEditor.EditorUtility:Internal_InstantiateRemoveAllNonAnimationComponentsSingle (UnityEngine.Object,UnityEngine.Vector3,UnityEngine.Quaternion)
UnityEditor.EditorUtility:InstantiateRemoveAllNonAnimationComponents (UnityEngine.Object,UnityEngine.Vector3,UnityEngine.Quaternion)
UnityEditor.EditorUtility:InstantiateForAnimatorPreview (UnityEngine.Object)
UnityEditor.GameObjectInspector/PreviewData:UpdateGameObject (UnityEngine.Object)
UnityEditor.GameObjectInspector/PreviewData:.ctor (UnityEngine.Object)
UnityEditor.GameObjectInspector:GetPreviewData ()
UnityEditor.GameObjectInspector:RenderStaticPreview (string,UnityEngine.Object[],int,int)
UnityEditor.AssetPreviewUpdater:CreatePreview (UnityEngine.Object,UnityEngine.Object[],string,int,int)
UnityEditor.AssetPreviewUpdater:CreatePreviewForAsset (UnityEngine.Object,UnityEngine.Object[],string)

[C:\buildslave\unity\build\Editor\Src\Animation\StateMachine.cpp line 1845]

Asset 'Ani_Creatures_Slime': Transition 'Idle -> Hit' in state 'Idle' doesn't have an Exit Time or any condition, transition will be ignored
UnityEngine.StackTraceUtility:ExtractStackTrace ()
UnityEditor.EditorUtility:Internal_InstantiateRemoveAllNonAnimationComponentsSingle (UnityEngine.Object,UnityEngine.Vector3,UnityEngine.Quaternion)
UnityEditor.EditorUtility:InstantiateRemoveAllNonAnimationComponents (UnityEngine.Object,UnityEngine.Vector3,UnityEngine.Quaternion)
UnityEditor.EditorUtility:InstantiateForAnimatorPreview (UnityEngine.Object)
UnityEditor.GameObjectInspector/PreviewData:UpdateGameObject (UnityEngine.Object)
UnityEditor.GameObjectInspector/PreviewData:.ctor (UnityEngine.Object)
UnityEditor.GameObjectInspector:GetPreviewData ()
UnityEditor.GameObjectInspector:RenderStaticPreview (string,UnityEngine.Object[],int,int)
UnityEditor.AssetPreviewUpdater:CreatePreview (UnityEngine.Object,UnityEngine.Object[],string,int,int)
UnityEditor.AssetPreviewUpdater:CreatePreviewForAsset (UnityEngine.Object,UnityEngine.Object[],string)

[C:\buildslave\unity\build\Editor\Src\Animation\StateMachine.cpp line 1845]

Asset 'Ani_Creatures_Slime': Transition 'Idle -> Attack' in state 'Idle' doesn't have an Exit Time or any condition, transition will be ignored
UnityEngine.StackTraceUtility:ExtractStackTrace ()
UnityEditor.EditorUtility:Internal_InstantiateRemoveAllNonAnimationComponentsSingle (UnityEngine.Object,UnityEngine.Vector3,UnityEngine.Quaternion)
UnityEditor.EditorUtility:InstantiateRemoveAllNonAnimationComponents (UnityEngine.Object,UnityEngine.Vector3,UnityEngine.Quaternion)
UnityEditor.EditorUtility:InstantiateForAnimatorPreview (UnityEngine.Object)
UnityEditor.GameObjectInspector/PreviewData:UpdateGameObject (UnityEngine.Object)
UnityEditor.GameObjectInspector/PreviewData:.ctor (UnityEngine.Object)
UnityEditor.GameObjectInspector:GetPreviewData ()
UnityEditor.GameObjectInspector:RenderStaticPreview (string,UnityEngine.Object[],int,int)
UnityEditor.AssetPreviewUpdater:CreatePreview (UnityEngine.Object,UnityEngine.Object[],string,int,int)
UnityEditor.AssetPreviewUpdater:CreatePreviewForAsset (UnityEngine.Object,UnityEngine.Object[],string)

[C:\buildslave\unity\build\Editor\Src\Animation\StateMachine.cpp line 1845]

Asset 'Ani_Creatures_Slime': Transition 'Run -> Idle' in state 'Run' doesn't have an Exit Time or any condition, transition will be ignored
UnityEngine.StackTraceUtility:ExtractStackTrace ()
UnityEditor.EditorUtility:Internal_InstantiateRemoveAllNonAnimationComponentsSingle (UnityEngine.Object,UnityEngine.Vector3,UnityEngine.Quaternion)
UnityEditor.EditorUtility:InstantiateRemoveAllNonAnimationComponents (UnityEngine.Object,UnityEngine.Vector3,UnityEngine.Quaternion)
UnityEditor.EditorUtility:InstantiateForAnimatorPreview (UnityEngine.Object)
UnityEditor.GameObjectInspector/PreviewData:UpdateGameObject (UnityEngine.Object)
UnityEditor.GameObjectInspector/PreviewData:.ctor (UnityEngine.Object)
UnityEditor.GameObjectInspector:GetPreviewData ()
UnityEditor.GameObjectInspector:RenderStaticPreview (string,UnityEngine.Object[],int,int)
UnityEditor.AssetPreviewUpdater:CreatePreview (UnityEngine.Object,UnityEngine.Object[],string,int,int)
UnityEditor.AssetPreviewUpdater:CreatePreviewForAsset (UnityEngine.Object,UnityEngine.Object[],string)

[C:\buildslave\unity\build\Editor\Src\Animation\StateMachine.cpp line 1845]

 -> (artifact id: 'b4443a82a3d5c2519e58aaa27a911a5c') in 0.049387 seconds 
========================================================================
Received Import Request.
  Time since last request: 0.000067 seconds.
  path: Assets/NEXTLOG_CreaturePack_Part01/Creatures_Slime/Prefabs/Creatures_Slime_Elite_001.prefab
  artifactKey: Guid(606b14c8440befe4aa4d41de1d305a99) Importer(815301076,1909f56bfc062723c751e8b465ee728b)
Start importing Assets/NEXTLOG_CreaturePack_Part01/Creatures_Slime/Prefabs/Creatures_Slime_Elite_001.prefab using Guid(606b14c8440befe4aa4d41de1d305a99) Importer(815301076,1909f56bfc062723c751e8b465ee728b) Asset 'Ani_Creatures_Slime': Transition 'Idle -> Run' in state 'Idle' doesn't have an Exit Time or any condition, transition will be ignored
UnityEngine.StackTraceUtility:ExtractStackTrace ()
UnityEditor.EditorUtility:Internal_InstantiateRemoveAllNonAnimationComponentsSingle (UnityEngine.Object,UnityEngine.Vector3,UnityEngine.Quaternion)
UnityEditor.EditorUtility:InstantiateRemoveAllNonAnimationComponents (UnityEngine.Object,UnityEngine.Vector3,UnityEngine.Quaternion)
UnityEditor.EditorUtility:InstantiateForAnimatorPreview (UnityEngine.Object)
UnityEditor.GameObjectInspector/PreviewData:UpdateGameObject (UnityEngine.Object)
UnityEditor.GameObjectInspector/PreviewData:.ctor (UnityEngine.Object)
UnityEditor.GameObjectInspector:GetPreviewData ()
UnityEditor.GameObjectInspector:RenderStaticPreview (string,UnityEngine.Object[],int,int)
UnityEditor.AssetPreviewUpdater:CreatePreview (UnityEngine.Object,UnityEngine.Object[],string,int,int)
UnityEditor.AssetPreviewUpdater:CreatePreviewForAsset (UnityEngine.Object,UnityEngine.Object[],string)

[C:\buildslave\unity\build\Editor\Src\Animation\StateMachine.cpp line 1845]

Asset 'Ani_Creatures_Slime': Transition 'Idle -> Stun' in state 'Idle' doesn't have an Exit Time or any condition, transition will be ignored
UnityEngine.StackTraceUtility:ExtractStackTrace ()
UnityEditor.EditorUtility:Internal_InstantiateRemoveAllNonAnimationComponentsSingle (UnityEngine.Object,UnityEngine.Vector3,UnityEngine.Quaternion)
UnityEditor.EditorUtility:InstantiateRemoveAllNonAnimationComponents (UnityEngine.Object,UnityEngine.Vector3,UnityEngine.Quaternion)
UnityEditor.EditorUtility:InstantiateForAnimatorPreview (UnityEngine.Object)
UnityEditor.GameObjectInspector/PreviewData:UpdateGameObject (UnityEngine.Object)
UnityEditor.GameObjectInspector/PreviewData:.ctor (UnityEngine.Object)
UnityEditor.GameObjectInspector:GetPreviewData ()
UnityEditor.GameObjectInspector:RenderStaticPreview (string,UnityEngine.Object[],int,int)
UnityEditor.AssetPreviewUpdater:CreatePreview (UnityEngine.Object,UnityEngine.Object[],string,int,int)
UnityEditor.AssetPreviewUpdater:CreatePreviewForAsset (UnityEngine.Object,UnityEngine.Object[],string)

[C:\buildslave\unity\build\Editor\Src\Animation\StateMachine.cpp line 1845]

Asset 'Ani_Creatures_Slime': Transition 'Idle -> Hit' in state 'Idle' doesn't have an Exit Time or any condition, transition will be ignored
UnityEngine.StackTraceUtility:ExtractStackTrace ()
UnityEditor.EditorUtility:Internal_InstantiateRemoveAllNonAnimationComponentsSingle (UnityEngine.Object,UnityEngine.Vector3,UnityEngine.Quaternion)
UnityEditor.EditorUtility:InstantiateRemoveAllNonAnimationComponents (UnityEngine.Object,UnityEngine.Vector3,UnityEngine.Quaternion)
UnityEditor.EditorUtility:InstantiateForAnimatorPreview (UnityEngine.Object)
UnityEditor.GameObjectInspector/PreviewData:UpdateGameObject (UnityEngine.Object)
UnityEditor.GameObjectInspector/PreviewData:.ctor (UnityEngine.Object)
UnityEditor.GameObjectInspector:GetPreviewData ()
UnityEditor.GameObjectInspector:RenderStaticPreview (string,UnityEngine.Object[],int,int)
UnityEditor.AssetPreviewUpdater:CreatePreview (UnityEngine.Object,UnityEngine.Object[],string,int,int)
UnityEditor.AssetPreviewUpdater:CreatePreviewForAsset (UnityEngine.Object,UnityEngine.Object[],string)

[C:\buildslave\unity\build\Editor\Src\Animation\StateMachine.cpp line 1845]

Asset 'Ani_Creatures_Slime': Transition 'Idle -> Attack' in state 'Idle' doesn't have an Exit Time or any condition, transition will be ignored
UnityEngine.StackTraceUtility:ExtractStackTrace ()
UnityEditor.EditorUtility:Internal_InstantiateRemoveAllNonAnimationComponentsSingle (UnityEngine.Object,UnityEngine.Vector3,UnityEngine.Quaternion)
UnityEditor.EditorUtility:InstantiateRemoveAllNonAnimationComponents (UnityEngine.Object,UnityEngine.Vector3,UnityEngine.Quaternion)
UnityEditor.EditorUtility:InstantiateForAnimatorPreview (UnityEngine.Object)
UnityEditor.GameObjectInspector/PreviewData:UpdateGameObject (UnityEngine.Object)
UnityEditor.GameObjectInspector/PreviewData:.ctor (UnityEngine.Object)
UnityEditor.GameObjectInspector:GetPreviewData ()
UnityEditor.GameObjectInspector:RenderStaticPreview (string,UnityEngine.Object[],int,int)
UnityEditor.AssetPreviewUpdater:CreatePreview (UnityEngine.Object,UnityEngine.Object[],string,int,int)
UnityEditor.AssetPreviewUpdater:CreatePreviewForAsset (UnityEngine.Object,UnityEngine.Object[],string)

[C:\buildslave\unity\build\Editor\Src\Animation\StateMachine.cpp line 1845]

Asset 'Ani_Creatures_Slime': Transition 'Run -> Idle' in state 'Run' doesn't have an Exit Time or any condition, transition will be ignored
UnityEngine.StackTraceUtility:ExtractStackTrace ()
UnityEditor.EditorUtility:Internal_InstantiateRemoveAllNonAnimationComponentsSingle (UnityEngine.Object,UnityEngine.Vector3,UnityEngine.Quaternion)
UnityEditor.EditorUtility:InstantiateRemoveAllNonAnimationComponents (UnityEngine.Object,UnityEngine.Vector3,UnityEngine.Quaternion)
UnityEditor.EditorUtility:InstantiateForAnimatorPreview (UnityEngine.Object)
UnityEditor.GameObjectInspector/PreviewData:UpdateGameObject (UnityEngine.Object)
UnityEditor.GameObjectInspector/PreviewData:.ctor (UnityEngine.Object)
UnityEditor.GameObjectInspector:GetPreviewData ()
UnityEditor.GameObjectInspector:RenderStaticPreview (string,UnityEngine.Object[],int,int)
UnityEditor.AssetPreviewUpdater:CreatePreview (UnityEngine.Object,UnityEngine.Object[],string,int,int)
UnityEditor.AssetPreviewUpdater:CreatePreviewForAsset (UnityEngine.Object,UnityEngine.Object[],string)

[C:\buildslave\unity\build\Editor\Src\Animation\StateMachine.cpp line 1845]

 -> (artifact id: 'c69e31c563f3d35249e4f64eebbfdad2') in 0.111565 seconds 
========================================================================
Received Import Request.
  Time since last request: 0.000038 seconds.
  path: Assets/NEXTLOG_CreaturePack_Part01/Creatures_Slime/Prefabs/Creatures_Slime_Dead_001.prefab
  artifactKey: Guid(d4b85c9ddaf6c6249b6d216920144811) Importer(815301076,1909f56bfc062723c751e8b465ee728b)
Start importing Assets/NEXTLOG_CreaturePack_Part01/Creatures_Slime/Prefabs/Creatures_Slime_Dead_001.prefab using Guid(d4b85c9ddaf6c6249b6d216920144811) Importer(815301076,1909f56bfc062723c751e8b465ee728b)  -> (artifact id: '142e5ee1ef325ddb85dc54659c749955') in 0.035470 seconds 
========================================================================
Received Import Request.
  Time since last request: 13.135187 seconds.
  path: Assets/NEXTLOG_CreaturePack_Part01/Creatures_Slime/Animations/Creatures_Slime_Hit_001.FBX
  artifactKey: Guid(93d3d0f6a99fd3c4d841bed01429f2b2) Importer(815301076,1909f56bfc062723c751e8b465ee728b)
Start importing Assets/NEXTLOG_CreaturePack_Part01/Creatures_Slime/Animations/Creatures_Slime_Hit_001.FBX using Guid(93d3d0f6a99fd3c4d841bed01429f2b2) Importer(815301076,1909f56bfc062723c751e8b465ee728b)  -> (artifact id: '2801f9cb4c12b82aaec537230664505e') in 0.030214 seconds 
========================================================================
Received Import Request.
  Time since last request: 0.000040 seconds.
  path: Assets/SD_RPG_Heroes_Pack/animations/swordmaster/generic/swordmaster@die.fbx
  artifactKey: Guid(4d5e895adbf0066449517526f9085081) Importer(815301076,1909f56bfc062723c751e8b465ee728b)
Start importing Assets/SD_RPG_Heroes_Pack/animations/swordmaster/generic/swordmaster@die.fbx using Guid(4d5e895adbf0066449517526f9085081) Importer(815301076,1909f56bfc062723c751e8b465ee728b)  -> (artifact id: '696c6c98280d3ebeffe27fcf3e94b57e') in 0.069081 seconds 
========================================================================
Received Import Request.
  Time since last request: 0.000068 seconds.
  path: Assets/SD_RPG_Heroes_Pack/animations/swordmaster/generic/swordmaster@att01.fbx
  artifactKey: Guid(56dc7ecd280a1694b94594f8c76a63f3) Importer(815301076,1909f56bfc062723c751e8b465ee728b)
Start importing Assets/SD_RPG_Heroes_Pack/animations/swordmaster/generic/swordmaster@att01.fbx using Guid(56dc7ecd280a1694b94594f8c76a63f3) Importer(815301076,1909f56bfc062723c751e8b465ee728b)  -> (artifact id: 'd920227bfc258beb5d4447c3dd26934c') in 0.077568 seconds 
========================================================================
Received Import Request.
  Time since last request: 0.000051 seconds.
  path: Assets/NEXTLOG_CreaturePack_Part01/Creatures_Slime/Animations/Creatures_Slime_Stun_001.FBX
  artifactKey: Guid(0a620897b4eca8243b5454d97f011ebc) Importer(815301076,1909f56bfc062723c751e8b465ee728b)
Start importing Assets/NEXTLOG_CreaturePack_Part01/Creatures_Slime/Animations/Creatures_Slime_Stun_001.FBX using Guid(0a620897b4eca8243b5454d97f011ebc) Importer(815301076,1909f56bfc062723c751e8b465ee728b)  -> (artifact id: 'd66c601e2e02ba3a1bf9a36e991c2d59') in 0.027510 seconds 
========================================================================
Received Import Request.
  Time since last request: 0.000052 seconds.
  path: Assets/SD_RPG_Heroes_Pack/animations/wizardgirl/generic/wizardgirl@run.fbx
  artifactKey: Guid(0cfc944c085bca54fbbf2cb689d9b28a) Importer(815301076,1909f56bfc062723c751e8b465ee728b)
Start importing Assets/SD_RPG_Heroes_Pack/animations/wizardgirl/generic/wizardgirl@run.fbx using Guid(0cfc944c085bca54fbbf2cb689d9b28a) Importer(815301076,1909f56bfc062723c751e8b465ee728b)  -> (artifact id: 'e188cf7f735ac83d2ad59ef42387d80c') in 4.794515 seconds 
========================================================================
Received Import Request.
  Time since last request: 0.000047 seconds.
  path: Assets/SD_RPG_Heroes_Pack/animations/wizardgirl/generic/wizardgirl@die.fbx
  artifactKey: Guid(b8040c5214d9435418eed94f4bcfb94d) Importer(815301076,1909f56bfc062723c751e8b465ee728b)
Start importing Assets/SD_RPG_Heroes_Pack/animations/wizardgirl/generic/wizardgirl@die.fbx using Guid(b8040c5214d9435418eed94f4bcfb94d) Importer(815301076,1909f56bfc062723c751e8b465ee728b)  -> (artifact id: '537c12abef3153ca440c25b96cf8e599') in 0.106910 seconds 
Editor requested this worker to shutdown with reason: Scaling down because of idle timeout
AssetImportWorker is now disconnected from the server
Process exiting
Exiting without the bug reporter. Application will terminate with return code 0